2024-11-29 00:01:34,298 INFO 46322 [egg-logrotator] app logger reload: got log-reload message
2024-11-29 00:10:38,020 WARN 46322 [TCPBase] socket is closed by other side while there were still unhandled data in the socket buffer
2024-11-29 00:10:38,020 WARN 46322 [ClusterClient:Watcher] follower closed, and try to init it again
2024-11-29 00:19:43,017 WARN 46322 [TCPBase] socket is closed by other side while there were still unhandled data in the socket buffer
2024-11-29 00:19:43,018 WARN 46322 [ClusterClient:Watcher] follower closed, and try to init it again
2024-11-29 00:28:48,024 WARN 46322 [TCPBase] socket is closed by other side while there were still unhandled data in the socket buffer
2024-11-29 00:28:48,024 WARN 46322 [ClusterClient:Watcher] follower closed, and try to init it again
2024-11-29 00:37:53,025 WARN 46322 [TCPBase] socket is closed by other side while there were still unhandled data in the socket buffer
2024-11-29 00:37:53,026 WARN 46322 [ClusterClient:Watcher] follower closed, and try to init it again
2024-11-29 00:46:58,024 WARN 46322 [TCPBase] socket is closed by other side while there were still unhandled data in the socket buffer
2024-11-29 00:46:58,024 WARN 46322 [ClusterClient:Watcher] follower closed, and try to init it again
2024-11-29 00:56:03,021 WARN 46322 [TCPBase] socket is closed by other side while there were still unhandled data in the socket buffer
2024-11-29 00:56:03,021 WARN 46322 [ClusterClient:Watcher] follower closed, and try to init it again
2024-11-29 01:05:08,021 WARN 46322 [TCPBase] socket is closed by other side while there were still unhandled data in the socket buffer
2024-11-29 01:05:08,021 WARN 46322 [ClusterClient:Watcher] follower closed, and try to init it again
2024-11-29 01:14:13,020 WARN 46322 [TCPBase] socket is closed by other side while there were still unhandled data in the socket buffer
2024-11-29 01:14:13,020 WARN 46322 [ClusterClient:Watcher] follower closed, and try to init it again
2024-11-29 01:23:18,031 WARN 46322 [TCPBase] socket is closed by other side while there were still unhandled data in the socket buffer
2024-11-29 01:23:18,031 WARN 46322 [ClusterClient:Watcher] follower closed, and try to init it again
2024-11-29 01:32:37,021 WARN 46322 [TCPBase] socket is closed by other side while there were still unhandled data in the socket buffer
2024-11-29 01:32:37,021 WARN 46322 [ClusterClient:Watcher] follower closed, and try to init it again
2024-11-29 01:41:42,019 WARN 46322 [ClusterClient:Watcher] follower closed, and try to init it again
2024-11-29 01:50:47,027 WARN 46322 [TCPBase] socket is closed by other side while there were still unhandled data in the socket buffer
2024-11-29 01:50:47,027 WARN 46322 [ClusterClient:Watcher] follower closed, and try to init it again
2024-11-29 01:59:52,023 WARN 46322 [TCPBase] socket is closed by other side while there were still unhandled data in the socket buffer
2024-11-29 01:59:52,023 WARN 46322 [ClusterClient:Watcher] follower closed, and try to init it again
2024-11-29 02:08:57,025 WARN 46322 [TCPBase] socket is closed by other side while there were still unhandled data in the socket buffer
2024-11-29 02:08:57,025 WARN 46322 [ClusterClient:Watcher] follower closed, and try to init it again
2024-11-29 02:18:02,198 WARN 46322 [TCPBase] socket is closed by other side while there were still unhandled data in the socket buffer
2024-11-29 02:18:02,201 WARN 46322 [ClusterClient:Watcher] follower closed, and try to init it again
2024-11-29 02:27:07,188 WARN 46322 [TCPBase] socket is closed by other side while there were still unhandled data in the socket buffer
2024-11-29 02:27:07,188 WARN 46322 [ClusterClient:Watcher] follower closed, and try to init it again
2024-11-29 02:36:12,028 WARN 46322 [TCPBase] socket is closed by other side while there were still unhandled data in the socket buffer
2024-11-29 02:36:12,028 WARN 46322 [ClusterClient:Watcher] follower closed, and try to init it again
2024-11-29 02:45:17,024 WARN 46322 [TCPBase] socket is closed by other side while there were still unhandled data in the socket buffer
2024-11-29 02:45:17,025 WARN 46322 [ClusterClient:Watcher] follower closed, and try to init it again
2024-11-29 02:54:22,022 WARN 46322 [TCPBase] socket is closed by other side while there were still unhandled data in the socket buffer
2024-11-29 02:54:22,023 WARN 46322 [ClusterClient:Watcher] follower closed, and try to init it again
2024-11-29 03:03:27,021 WARN 46322 [ClusterClient:Watcher] follower closed, and try to init it again
2024-11-29 03:12:32,023 WARN 46322 [TCPBase] socket is closed by other side while there were still unhandled data in the socket buffer
2024-11-29 03:12:32,024 WARN 46322 [ClusterClient:Watcher] follower closed, and try to init it again
2024-11-29 03:21:37,176 WARN 46322 [TCPBase] socket is closed by other side while there were still unhandled data in the socket buffer
2024-11-29 03:21:37,176 WARN 46322 [ClusterClient:Watcher] follower closed, and try to init it again
2024-11-29 03:30:42,022 WARN 46322 [TCPBase] socket is closed by other side while there were still unhandled data in the socket buffer
2024-11-29 03:30:42,022 WARN 46322 [ClusterClient:Watcher] follower closed, and try to init it again
2024-11-29 03:39:47,185 WARN 46322 [TCPBase] socket is closed by other side while there were still unhandled data in the socket buffer
2024-11-29 03:39:47,186 WARN 46322 [ClusterClient:Watcher] follower closed, and try to init it again
2024-11-29 03:48:52,028 WARN 46322 [TCPBase] socket is closed by other side while there were still unhandled data in the socket buffer
2024-11-29 03:48:52,029 WARN 46322 [ClusterClient:Watcher] follower closed, and try to init it again
2024-11-29 03:57:57,029 WARN 46322 [TCPBase] socket is closed by other side while there were still unhandled data in the socket buffer
2024-11-29 03:57:57,030 WARN 46322 [ClusterClient:Watcher] follower closed, and try to init it again
2024-11-29 04:07:02,019 WARN 46322 [TCPBase] socket is closed by other side while there were still unhandled data in the socket buffer
2024-11-29 04:07:02,019 WARN 46322 [ClusterClient:Watcher] follower closed, and try to init it again
2024-11-29 04:16:07,030 WARN 46322 [TCPBase] socket is closed by other side while there were still unhandled data in the socket buffer
2024-11-29 04:16:07,031 WARN 46322 [ClusterClient:Watcher] follower closed, and try to init it again
2024-11-29 04:25:12,017 WARN 46322 [TCPBase] socket is closed by other side while there were still unhandled data in the socket buffer
2024-11-29 04:25:12,017 WARN 46322 [ClusterClient:Watcher] follower closed, and try to init it again
2024-11-29 04:34:17,030 WARN 46322 [TCPBase] socket is closed by other side while there were still unhandled data in the socket buffer
2024-11-29 04:34:17,030 WARN 46322 [ClusterClient:Watcher] follower closed, and try to init it again
2024-11-29 04:34:17,364 INFO 46322 [-/127.0.0.1/-/104ms SCHEDULE /__schedule?path=/Users/Rodrigo/development/github/vozbox-work-server/node_modules/egg-multipart/app/schedule/clean_tmpdir.js&type=worker&cron=0%2030%204%20*%20*%20*&disable=false&immediate=false] [egg-multipart:CleanTmpdir] start clean tmpdir: "/var/folders/kd/pdwvgdp919543tvrcljp23s00000gp/T/egg-multipart-tmp/tomato-work-server"
2024-11-29 04:34:17,380 INFO 46322 [-/127.0.0.1/-/135ms SCHEDULE /__schedule?path=/Users/Rodrigo/development/github/vozbox-work-server/node_modules/egg-multipart/app/schedule/clean_tmpdir.js&type=worker&cron=0%2030%204%20*%20*%20*&disable=false&immediate=false] [egg-multipart:CleanTmpdir] end
2024-11-29 04:43:22,023 WARN 46322 [TCPBase] socket is closed by other side while there were still unhandled data in the socket buffer
2024-11-29 04:43:22,023 WARN 46322 [ClusterClient:Watcher] follower closed, and try to init it again
2024-11-29 04:52:27,020 WARN 46322 [TCPBase] socket is closed by other side while there were still unhandled data in the socket buffer
2024-11-29 04:52:27,020 WARN 46322 [ClusterClient:Watcher] follower closed, and try to init it again
2024-11-29 05:01:32,030 WARN 46322 [TCPBase] socket is closed by other side while there were still unhandled data in the socket buffer
2024-11-29 05:01:32,030 WARN 46322 [ClusterClient:Watcher] follower closed, and try to init it again
2024-11-29 05:10:37,021 WARN 46322 [TCPBase] socket is closed by other side while there were still unhandled data in the socket buffer
2024-11-29 05:10:37,021 WARN 46322 [ClusterClient:Watcher] follower closed, and try to init it again
2024-11-29 05:19:42,025 WARN 46322 [TCPBase] socket is closed by other side while there were still unhandled data in the socket buffer
2024-11-29 05:19:42,025 WARN 46322 [ClusterClient:Watcher] follower closed, and try to init it again
2024-11-29 05:28:47,180 WARN 46322 [TCPBase] socket is closed by other side while there were still unhandled data in the socket buffer
2024-11-29 05:28:47,180 WARN 46322 [ClusterClient:Watcher] follower closed, and try to init it again
2024-11-29 05:37:52,029 WARN 46322 [TCPBase] socket is closed by other side while there were still unhandled data in the socket buffer
2024-11-29 05:37:52,029 WARN 46322 [ClusterClient:Watcher] follower closed, and try to init it again
2024-11-29 05:46:57,029 WARN 46322 [TCPBase] socket is closed by other side while there were still unhandled data in the socket buffer
2024-11-29 05:46:57,029 WARN 46322 [ClusterClient:Watcher] follower closed, and try to init it again
2024-11-29 05:56:02,176 WARN 46322 [TCPBase] socket is closed by other side while there were still unhandled data in the socket buffer
2024-11-29 05:56:02,176 WARN 46322 [ClusterClient:Watcher] follower closed, and try to init it again
2024-11-29 06:05:07,022 WARN 46322 [TCPBase] socket is closed by other side while there were still unhandled data in the socket buffer
2024-11-29 06:05:07,022 WARN 46322 [ClusterClient:Watcher] follower closed, and try to init it again
2024-11-29 06:14:12,193 WARN 46322 [TCPBase] socket is closed by other side while there were still unhandled data in the socket buffer
2024-11-29 06:14:12,193 WARN 46322 [ClusterClient:Watcher] follower closed, and try to init it again
2024-11-29 06:23:17,027 WARN 46322 [TCPBase] socket is closed by other side while there were still unhandled data in the socket buffer
2024-11-29 06:23:17,027 WARN 46322 [ClusterClient:Watcher] follower closed, and try to init it again
2024-11-29 06:32:22,033 WARN 46322 [TCPBase] socket is closed by other side while there were still unhandled data in the socket buffer
2024-11-29 06:32:22,033 WARN 46322 [ClusterClient:Watcher] follower closed, and try to init it again
2024-11-29 06:41:27,177 WARN 46322 [TCPBase] socket is closed by other side while there were still unhandled data in the socket buffer
2024-11-29 06:41:27,177 WARN 46322 [ClusterClient:Watcher] follower closed, and try to init it again
2024-11-29 06:50:32,019 WARN 46322 [TCPBase] socket is closed by other side while there were still unhandled data in the socket buffer
2024-11-29 06:50:32,019 WARN 46322 [ClusterClient:Watcher] follower closed, and try to init it again
2024-11-29 06:59:37,161 WARN 46322 [TCPBase] socket is closed by other side while there were still unhandled data in the socket buffer
2024-11-29 06:59:37,161 WARN 46322 [ClusterClient:Watcher] follower closed, and try to init it again
2024-11-29 07:08:42,021 WARN 46322 [TCPBase] socket is closed by other side while there were still unhandled data in the socket buffer
2024-11-29 07:08:42,021 WARN 46322 [ClusterClient:Watcher] follower closed, and try to init it again
2024-11-29 07:17:47,031 WARN 46322 [TCPBase] socket is closed by other side while there were still unhandled data in the socket buffer
2024-11-29 07:17:47,166 WARN 46322 [ClusterClient:Watcher] follower closed, and try to init it again
2024-11-29 07:26:52,029 WARN 46322 [TCPBase] socket is closed by other side while there were still unhandled data in the socket buffer
2024-11-29 07:26:52,029 WARN 46322 [ClusterClient:Watcher] follower closed, and try to init it again
2024-11-29 07:35:57,185 WARN 46322 [TCPBase] socket is closed by other side while there were still unhandled data in the socket buffer
2024-11-29 07:35:57,186 WARN 46322 [ClusterClient:Watcher] follower closed, and try to init it again
2024-11-29 07:45:02,024 WARN 46322 [TCPBase] socket is closed by other side while there were still unhandled data in the socket buffer
2024-11-29 07:45:02,025 WARN 46322 [ClusterClient:Watcher] follower closed, and try to init it again
2024-11-29 07:49:32,026 WARN 46322 [TCPBase] socket is closed by other side while there were still unhandled data in the socket buffer
2024-11-29 07:49:32,188 WARN 46322 [ClusterClient:Watcher] follower closed, and try to init it again
2024-11-29 08:15:04,540 INFO 49434 [egg:logger] init all loggers with options: {"dir":"/Users/Rodrigo/development/github/vozbox-work-server/logs/tomato-work-server","encoding":"utf8","env":"local","level":"INFO","consoleLevel":"INFO","disableConsoleAfterReady":false,"outputJSON":false,"buffer":true,"appLogName":"tomato-work-server-web.log","coreLogName":"egg-web.log","agentLogName":"egg-agent.log","errorLogName":"common-error.log","coreLogger":{"consoleLevel":"WARN"},"allowDebugAtProd":false,"enablePerformanceTimer":false,"type":"application"}
2024-11-29 08:15:04,606 INFO 49434 [egg-multipart] stream mode enable
2024-11-29 08:15:07,385 INFO 49434 [egg-static] starting static serve /public/ -> /Users/Rodrigo/development/github/vozbox-work-server/app/public
2024-11-29 08:15:07,387 WARN 49434 [egg-security] Please use `config.security.csrf = { enable: false }` instead of `config.security.csrf = false`
2024-11-29 08:15:07,394 INFO 49434 [egg-security] use methodnoallow middleware
2024-11-29 08:15:07,395 INFO 49434 [egg-security] use noopen middleware
2024-11-29 08:15:07,397 INFO 49434 [egg-security] use nosniff middleware
2024-11-29 08:15:07,401 INFO 49434 [egg-security] use xssProtection middleware
2024-11-29 08:15:07,402 INFO 49434 [egg-security] use xframe middleware
2024-11-29 08:15:07,404 INFO 49434 [egg-security] use dta middleware
2024-11-29 08:15:07,404 INFO 49434 [egg-security] compose 6 middlewares into one security middleware
2024-11-29 08:15:07,605 INFO 49434 [egg:core] dump config after load, 16ms
2024-11-29 08:15:07,768 INFO 49434 [egg-watcher:application] watcher start success
2024-11-29 08:15:08,030 INFO 49434 [egg:core] dump config after ready, 4ms
2024-11-29 08:19:35,481 INFO 49546 [egg:logger] init all loggers with options: {"dir":"/Users/Rodrigo/development/github/vozbox-work-server/logs/tomato-work-server","encoding":"utf8","env":"local","level":"INFO","consoleLevel":"INFO","disableConsoleAfterReady":false,"outputJSON":false,"buffer":true,"appLogName":"tomato-work-server-web.log","coreLogName":"egg-web.log","agentLogName":"egg-agent.log","errorLogName":"common-error.log","coreLogger":{"consoleLevel":"WARN"},"allowDebugAtProd":false,"enablePerformanceTimer":false,"type":"application"}
2024-11-29 08:19:35,558 INFO 49546 [egg-multipart] stream mode enable
2024-11-29 08:19:37,548 INFO 49546 [egg-static] starting static serve /public/ -> /Users/Rodrigo/development/github/vozbox-work-server/app/public
2024-11-29 08:19:37,550 WARN 49546 [egg-security] Please use `config.security.csrf = { enable: false }` instead of `config.security.csrf = false`
2024-11-29 08:19:37,554 INFO 49546 [egg-security] use methodnoallow middleware
2024-11-29 08:19:37,556 INFO 49546 [egg-security] use noopen middleware
2024-11-29 08:19:37,558 INFO 49546 [egg-security] use nosniff middleware
2024-11-29 08:19:37,561 INFO 49546 [egg-security] use xssProtection middleware
2024-11-29 08:19:37,564 INFO 49546 [egg-security] use xframe middleware
2024-11-29 08:19:37,566 INFO 49546 [egg-security] use dta middleware
2024-11-29 08:19:37,566 INFO 49546 [egg-security] compose 6 middlewares into one security middleware
2024-11-29 08:19:37,680 INFO 49546 [egg:core] dump config after load, 9ms
2024-11-29 08:19:37,757 INFO 49546 [egg-watcher:application] watcher start success
2024-11-29 08:19:37,874 INFO 49546 [egg:core] dump config after ready, 6ms
2024-11-29 08:20:04,242 INFO 49564 [egg:logger] init all loggers with options: {"dir":"/Users/Rodrigo/development/github/vozbox-work-server/logs/tomato-work-server","encoding":"utf8","env":"local","level":"INFO","consoleLevel":"INFO","disableConsoleAfterReady":false,"outputJSON":false,"buffer":true,"appLogName":"tomato-work-server-web.log","coreLogName":"egg-web.log","agentLogName":"egg-agent.log","errorLogName":"common-error.log","coreLogger":{"consoleLevel":"WARN"},"allowDebugAtProd":false,"enablePerformanceTimer":false,"type":"application"}
2024-11-29 08:20:04,369 INFO 49564 [egg-multipart] stream mode enable
2024-11-29 08:20:06,875 INFO 49564 [egg-static] starting static serve /public/ -> /Users/Rodrigo/development/github/vozbox-work-server/app/public
2024-11-29 08:20:06,877 WARN 49564 [egg-security] Please use `config.security.csrf = { enable: false }` instead of `config.security.csrf = false`
2024-11-29 08:20:06,880 INFO 49564 [egg-security] use methodnoallow middleware
2024-11-29 08:20:06,883 INFO 49564 [egg-security] use noopen middleware
2024-11-29 08:20:06,885 INFO 49564 [egg-security] use nosniff middleware
2024-11-29 08:20:06,890 INFO 49564 [egg-security] use xssProtection middleware
2024-11-29 08:20:06,892 INFO 49564 [egg-security] use xframe middleware
2024-11-29 08:20:06,894 INFO 49564 [egg-security] use dta middleware
2024-11-29 08:20:06,894 INFO 49564 [egg-security] compose 6 middlewares into one security middleware
2024-11-29 08:20:07,008 INFO 49564 [egg:core] dump config after load, 6ms
2024-11-29 08:20:07,074 INFO 49564 [egg-watcher:application] watcher start success
2024-11-29 08:20:07,234 INFO 49564 [egg:core] dump config after ready, 6ms
2024-11-29 08:21:44,937 INFO 49624 [egg:logger] init all loggers with options: {"dir":"/Users/Rodrigo/development/github/vozbox-work-server/logs/tomato-work-server","encoding":"utf8","env":"local","level":"INFO","consoleLevel":"INFO","disableConsoleAfterReady":false,"outputJSON":false,"buffer":true,"appLogName":"tomato-work-server-web.log","coreLogName":"egg-web.log","agentLogName":"egg-agent.log","errorLogName":"common-error.log","coreLogger":{"consoleLevel":"WARN"},"allowDebugAtProd":false,"enablePerformanceTimer":false,"type":"application"}
2024-11-29 08:21:44,999 INFO 49624 [egg-multipart] stream mode enable
2024-11-29 08:21:47,023 INFO 49624 [egg-static] starting static serve /public/ -> /Users/Rodrigo/development/github/vozbox-work-server/app/public
2024-11-29 08:21:47,024 WARN 49624 [egg-security] Please use `config.security.csrf = { enable: false }` instead of `config.security.csrf = false`
2024-11-29 08:21:47,028 INFO 49624 [egg-security] use methodnoallow middleware
2024-11-29 08:21:47,030 INFO 49624 [egg-security] use noopen middleware
2024-11-29 08:21:47,032 INFO 49624 [egg-security] use nosniff middleware
2024-11-29 08:21:47,034 INFO 49624 [egg-security] use xssProtection middleware
2024-11-29 08:21:47,036 INFO 49624 [egg-security] use xframe middleware
2024-11-29 08:21:47,038 INFO 49624 [egg-security] use dta middleware
2024-11-29 08:21:47,038 INFO 49624 [egg-security] compose 6 middlewares into one security middleware
2024-11-29 08:21:47,140 INFO 49624 [egg:core] dump config after load, 9ms
2024-11-29 08:21:47,200 INFO 49624 [egg-watcher:application] watcher start success
2024-11-29 08:21:47,539 INFO 49624 [egg:core] dump config after ready, 6ms
2024-11-29 08:32:55,068 INFO 49890 [egg:logger] init all loggers with options: {"dir":"/Users/Rodrigo/development/github/vozbox-work-server/logs/tomato-work-server","encoding":"utf8","env":"local","level":"INFO","consoleLevel":"INFO","disableConsoleAfterReady":false,"outputJSON":false,"buffer":true,"appLogName":"tomato-work-server-web.log","coreLogName":"egg-web.log","agentLogName":"egg-agent.log","errorLogName":"common-error.log","coreLogger":{"consoleLevel":"WARN"},"allowDebugAtProd":false,"enablePerformanceTimer":false,"type":"application"}
2024-11-29 08:32:55,115 INFO 49890 [egg-multipart] stream mode enable
2024-11-29 08:32:57,014 INFO 49890 [egg-static] starting static serve /public/ -> /Users/Rodrigo/development/github/vozbox-work-server/app/public
2024-11-29 08:32:57,015 WARN 49890 [egg-security] Please use `config.security.csrf = { enable: false }` instead of `config.security.csrf = false`
2024-11-29 08:32:57,019 INFO 49890 [egg-security] use methodnoallow middleware
2024-11-29 08:32:57,021 INFO 49890 [egg-security] use noopen middleware
2024-11-29 08:32:57,023 INFO 49890 [egg-security] use nosniff middleware
2024-11-29 08:32:57,025 INFO 49890 [egg-security] use xssProtection middleware
2024-11-29 08:32:57,027 INFO 49890 [egg-security] use xframe middleware
2024-11-29 08:32:57,029 INFO 49890 [egg-security] use dta middleware
2024-11-29 08:32:57,029 INFO 49890 [egg-security] compose 6 middlewares into one security middleware
2024-11-29 08:32:57,128 INFO 49890 [egg:core] dump config after load, 9ms
2024-11-29 08:32:57,199 INFO 49890 [egg-watcher:application] watcher start success
2024-11-29 08:32:57,334 INFO 49890 [egg:core] dump config after ready, 4ms
2024-11-29 08:39:55,365 INFO 50001 [egg:logger] init all loggers with options: {"dir":"/Users/Rodrigo/development/github/vozbox-work-server/logs/tomato-work-server","encoding":"utf8","env":"local","level":"INFO","consoleLevel":"INFO","disableConsoleAfterReady":false,"outputJSON":false,"buffer":true,"appLogName":"tomato-work-server-web.log","coreLogName":"egg-web.log","agentLogName":"egg-agent.log","errorLogName":"common-error.log","coreLogger":{"consoleLevel":"WARN"},"allowDebugAtProd":false,"enablePerformanceTimer":false,"type":"application"}
2024-11-29 08:39:55,427 INFO 50001 [egg-multipart] stream mode enable
2024-11-29 08:39:57,524 INFO 50001 [egg-static] starting static serve /public/ -> /Users/Rodrigo/development/github/vozbox-work-server/app/public
2024-11-29 08:39:57,526 WARN 50001 [egg-security] Please use `config.security.csrf = { enable: false }` instead of `config.security.csrf = false`
2024-11-29 08:39:57,531 INFO 50001 [egg-security] use methodnoallow middleware
2024-11-29 08:39:57,534 INFO 50001 [egg-security] use noopen middleware
2024-11-29 08:39:57,538 INFO 50001 [egg-security] use nosniff middleware
2024-11-29 08:39:57,540 INFO 50001 [egg-security] use xssProtection middleware
2024-11-29 08:39:57,542 INFO 50001 [egg-security] use xframe middleware
2024-11-29 08:39:57,544 INFO 50001 [egg-security] use dta middleware
2024-11-29 08:39:57,544 INFO 50001 [egg-security] compose 6 middlewares into one security middleware
2024-11-29 08:39:57,651 INFO 50001 [egg:core] dump config after load, 11ms
2024-11-29 08:39:57,714 INFO 50001 [egg-watcher:application] watcher start success
2024-11-29 08:39:57,844 INFO 50001 [egg:core] dump config after ready, 4ms
2024-11-29 09:11:17,235 WARN 50001 [TCPBase] socket is closed by other side while there were still unhandled data in the socket buffer
2024-11-29 09:11:17,246 WARN 50001 [ClusterClient:Watcher] follower closed, and try to init it again
2024-11-29 11:50:24,049 WARN 50001 [TCPBase] socket is closed by other side while there were still unhandled data in the socket buffer
2024-11-29 11:50:24,050 WARN 50001 [ClusterClient:Watcher] follower closed, and try to init it again
2024-11-29 12:50:42,043 WARN 50001 [TCPBase] socket is closed by other side while there were still unhandled data in the socket buffer
2024-11-29 12:50:42,043 WARN 50001 [ClusterClient:Watcher] follower closed, and try to init it again
2024-11-29 15:10:36,041 WARN 50001 [TCPBase] socket is closed by other side while there were still unhandled data in the socket buffer
2024-11-29 15:10:36,041 WARN 50001 [ClusterClient:Watcher] follower closed, and try to init it again
2024-11-29 16:41:16,882 WARN 50001 [TCPBase] socket is closed by other side while there were still unhandled data in the socket buffer
2024-11-29 16:41:16,889 WARN 50001 [ClusterClient:Watcher] follower closed, and try to init it again
2024-11-29 16:59:22,668 INFO 51540 [egg:logger] init all loggers with options: {"dir":"/Users/Rodrigo/development/github/vozbox-work-server/logs/tomato-work-server","encoding":"utf8","env":"local","level":"INFO","consoleLevel":"INFO","disableConsoleAfterReady":false,"outputJSON":false,"buffer":true,"appLogName":"tomato-work-server-web.log","coreLogName":"egg-web.log","agentLogName":"egg-agent.log","errorLogName":"common-error.log","coreLogger":{"consoleLevel":"WARN"},"allowDebugAtProd":false,"enablePerformanceTimer":false,"type":"application"}
2024-11-29 16:59:22,722 INFO 51540 [egg-multipart] stream mode enable
2024-11-29 16:59:24,903 INFO 51540 [egg-static] starting static serve /public/ -> /Users/Rodrigo/development/github/vozbox-work-server/app/public
2024-11-29 16:59:24,977 WARN 51540 [egg-security] Please use `config.security.csrf = { enable: false }` instead of `config.security.csrf = false`
2024-11-29 16:59:24,993 INFO 51540 [egg-security] use methodnoallow middleware
2024-11-29 16:59:24,998 INFO 51540 [egg-security] use noopen middleware
2024-11-29 16:59:25,018 INFO 51540 [egg-security] use nosniff middleware
2024-11-29 16:59:25,021 INFO 51540 [egg-security] use xssProtection middleware
2024-11-29 16:59:25,022 INFO 51540 [egg-security] use xframe middleware
2024-11-29 16:59:25,029 INFO 51540 [egg-security] use dta middleware
2024-11-29 16:59:25,030 INFO 51540 [egg-security] compose 6 middlewares into one security middleware
2024-11-29 16:59:25,243 INFO 51540 [egg:core] dump config after load, 18ms
2024-11-29 16:59:25,414 INFO 51540 [egg-watcher:application] watcher start success
2024-11-29 16:59:25,922 INFO 51540 [egg:core] dump config after ready, 7ms
2024-11-29 17:01:20,838 INFO 51571 [egg:logger] init all loggers with options: {"dir":"/Users/Rodrigo/development/github/vozbox-work-server/logs/tomato-work-server","encoding":"utf8","env":"local","level":"INFO","consoleLevel":"INFO","disableConsoleAfterReady":false,"outputJSON":false,"buffer":true,"appLogName":"tomato-work-server-web.log","coreLogName":"egg-web.log","agentLogName":"egg-agent.log","errorLogName":"common-error.log","coreLogger":{"consoleLevel":"WARN"},"allowDebugAtProd":false,"enablePerformanceTimer":false,"type":"application"}
2024-11-29 17:01:20,899 INFO 51571 [egg-multipart] stream mode enable
2024-11-29 17:01:22,817 INFO 51571 [egg-static] starting static serve /public/ -> /Users/Rodrigo/development/github/vozbox-work-server/app/public
2024-11-29 17:01:22,819 WARN 51571 [egg-security] Please use `config.security.csrf = { enable: false }` instead of `config.security.csrf = false`
2024-11-29 17:01:22,823 INFO 51571 [egg-security] use methodnoallow middleware
2024-11-29 17:01:22,825 INFO 51571 [egg-security] use noopen middleware
2024-11-29 17:01:22,827 INFO 51571 [egg-security] use nosniff middleware
2024-11-29 17:01:22,829 INFO 51571 [egg-security] use xssProtection middleware
2024-11-29 17:01:22,831 INFO 51571 [egg-security] use xframe middleware
2024-11-29 17:01:22,833 INFO 51571 [egg-security] use dta middleware
2024-11-29 17:01:22,833 INFO 51571 [egg-security] compose 6 middlewares into one security middleware
2024-11-29 17:01:22,925 INFO 51571 [egg:core] dump config after load, 7ms
2024-11-29 17:01:22,978 INFO 51571 [egg-watcher:application] watcher start success
2024-11-29 17:01:23,105 INFO 51571 [egg:core] dump config after ready, 6ms
2024-11-29 17:03:49,352 INFO 51686 [egg:logger] init all loggers with options: {"dir":"/Users/Rodrigo/development/github/vozbox-work-server/logs/tomato-work-server","encoding":"utf8","env":"local","level":"INFO","consoleLevel":"INFO","disableConsoleAfterReady":false,"outputJSON":false,"buffer":true,"appLogName":"tomato-work-server-web.log","coreLogName":"egg-web.log","agentLogName":"egg-agent.log","errorLogName":"common-error.log","coreLogger":{"consoleLevel":"WARN"},"allowDebugAtProd":false,"enablePerformanceTimer":false,"type":"application"}
2024-11-29 17:03:49,382 INFO 51686 [egg-multipart] stream mode enable
2024-11-29 17:03:50,632 INFO 51686 [egg-static] starting static serve /public/ -> /Users/Rodrigo/development/github/vozbox-work-server/app/public
2024-11-29 17:03:50,634 WARN 51686 [egg-security] Please use `config.security.csrf = { enable: false }` instead of `config.security.csrf = false`
2024-11-29 17:03:50,637 INFO 51686 [egg-security] use methodnoallow middleware
2024-11-29 17:03:50,639 INFO 51686 [egg-security] use noopen middleware
2024-11-29 17:03:50,641 INFO 51686 [egg-security] use nosniff middleware
2024-11-29 17:03:50,644 INFO 51686 [egg-security] use xssProtection middleware
2024-11-29 17:03:50,646 INFO 51686 [egg-security] use xframe middleware
2024-11-29 17:03:50,648 INFO 51686 [egg-security] use dta middleware
2024-11-29 17:03:50,648 INFO 51686 [egg-security] compose 6 middlewares into one security middleware
2024-11-29 17:03:50,741 INFO 51686 [egg:core] dump config after load, 5ms
2024-11-29 17:03:50,784 INFO 51686 [egg-watcher:application] watcher start success
2024-11-29 17:03:50,899 INFO 51686 [egg:core] dump config after ready, 4ms
2024-11-29 17:04:38,852 INFO 51705 [egg:logger] init all loggers with options: {"dir":"/Users/Rodrigo/development/github/vozbox-work-server/logs/tomato-work-server","encoding":"utf8","env":"local","level":"INFO","consoleLevel":"INFO","disableConsoleAfterReady":false,"outputJSON":false,"buffer":true,"appLogName":"tomato-work-server-web.log","coreLogName":"egg-web.log","agentLogName":"egg-agent.log","errorLogName":"common-error.log","coreLogger":{"consoleLevel":"WARN"},"allowDebugAtProd":false,"enablePerformanceTimer":false,"type":"application"}
2024-11-29 17:04:38,911 INFO 51705 [egg-multipart] stream mode enable
2024-11-29 17:04:40,668 INFO 51705 [egg-static] starting static serve /public/ -> /Users/Rodrigo/development/github/vozbox-work-server/app/public
2024-11-29 17:04:40,669 WARN 51705 [egg-security] Please use `config.security.csrf = { enable: false }` instead of `config.security.csrf = false`
2024-11-29 17:04:40,674 INFO 51705 [egg-security] use methodnoallow middleware
2024-11-29 17:04:40,676 INFO 51705 [egg-security] use noopen middleware
2024-11-29 17:04:40,678 INFO 51705 [egg-security] use nosniff middleware
2024-11-29 17:04:40,681 INFO 51705 [egg-security] use xssProtection middleware
2024-11-29 17:04:40,683 INFO 51705 [egg-security] use xframe middleware
2024-11-29 17:04:40,685 INFO 51705 [egg-security] use dta middleware
2024-11-29 17:04:40,685 INFO 51705 [egg-security] compose 6 middlewares into one security middleware
2024-11-29 17:04:40,783 INFO 51705 [egg:core] dump config after load, 6ms
2024-11-29 17:04:40,852 INFO 51705 [egg-watcher:application] watcher start success
2024-11-29 17:04:40,947 INFO 51705 [egg:core] dump config after ready, 3ms
2024-11-29 17:06:13,384 INFO 51782 [egg:logger] init all loggers with options: {"dir":"/Users/Rodrigo/development/github/vozbox-work-server/logs/tomato-work-server","encoding":"utf8","env":"local","level":"INFO","consoleLevel":"INFO","disableConsoleAfterReady":false,"outputJSON":false,"buffer":true,"appLogName":"tomato-work-server-web.log","coreLogName":"egg-web.log","agentLogName":"egg-agent.log","errorLogName":"common-error.log","coreLogger":{"consoleLevel":"WARN"},"allowDebugAtProd":false,"enablePerformanceTimer":false,"type":"application"}
2024-11-29 17:06:13,433 INFO 51782 [egg-multipart] stream mode enable
2024-11-29 17:06:15,301 INFO 51782 [egg-static] starting static serve /public/ -> /Users/Rodrigo/development/github/vozbox-work-server/app/public
2024-11-29 17:06:15,303 WARN 51782 [egg-security] Please use `config.security.csrf = { enable: false }` instead of `config.security.csrf = false`
2024-11-29 17:06:15,306 INFO 51782 [egg-security] use methodnoallow middleware
2024-11-29 17:06:15,308 INFO 51782 [egg-security] use noopen middleware
2024-11-29 17:06:15,310 INFO 51782 [egg-security] use nosniff middleware
2024-11-29 17:06:15,312 INFO 51782 [egg-security] use xssProtection middleware
2024-11-29 17:06:15,314 INFO 51782 [egg-security] use xframe middleware
2024-11-29 17:06:15,316 INFO 51782 [egg-security] use dta middleware
2024-11-29 17:06:15,317 INFO 51782 [egg-security] compose 6 middlewares into one security middleware
2024-11-29 17:06:15,413 INFO 51782 [egg:core] dump config after load, 8ms
2024-11-29 17:06:15,480 INFO 51782 [egg-watcher:application] watcher start success
2024-11-29 17:06:15,569 INFO 51782 [egg:core] dump config after ready, 4ms
2024-11-29 17:07:14,418 INFO 51826 [egg:logger] init all loggers with options: {"dir":"/Users/Rodrigo/development/github/vozbox-work-server/logs/tomato-work-server","encoding":"utf8","env":"local","level":"INFO","consoleLevel":"INFO","disableConsoleAfterReady":false,"outputJSON":false,"buffer":true,"appLogName":"tomato-work-server-web.log","coreLogName":"egg-web.log","agentLogName":"egg-agent.log","errorLogName":"common-error.log","coreLogger":{"consoleLevel":"WARN"},"allowDebugAtProd":false,"enablePerformanceTimer":false,"type":"application"}
2024-11-29 17:07:14,471 INFO 51826 [egg-multipart] stream mode enable
2024-11-29 17:07:16,377 INFO 51826 [egg-static] starting static serve /public/ -> /Users/Rodrigo/development/github/vozbox-work-server/app/public
2024-11-29 17:07:16,379 WARN 51826 [egg-security] Please use `config.security.csrf = { enable: false }` instead of `config.security.csrf = false`
2024-11-29 17:07:16,382 INFO 51826 [egg-security] use methodnoallow middleware
2024-11-29 17:07:16,384 INFO 51826 [egg-security] use noopen middleware
2024-11-29 17:07:16,386 INFO 51826 [egg-security] use nosniff middleware
2024-11-29 17:07:16,387 INFO 51826 [egg-security] use xssProtection middleware
2024-11-29 17:07:16,389 INFO 51826 [egg-security] use xframe middleware
2024-11-29 17:07:16,391 INFO 51826 [egg-security] use dta middleware
2024-11-29 17:07:16,391 INFO 51826 [egg-security] compose 6 middlewares into one security middleware
2024-11-29 17:07:16,477 INFO 51826 [egg:core] dump config after load, 6ms
2024-11-29 17:07:16,530 INFO 51826 [egg-watcher:application] watcher start success
2024-11-29 17:07:16,649 INFO 51826 [egg:core] dump config after ready, 5ms
2024-11-29 17:21:11,374 INFO 52096 [egg:logger] init all loggers with options: {"dir":"/Users/Rodrigo/development/github/vozbox-work-server/logs/tomato-work-server","encoding":"utf8","env":"local","level":"INFO","consoleLevel":"INFO","disableConsoleAfterReady":false,"outputJSON":false,"buffer":true,"appLogName":"tomato-work-server-web.log","coreLogName":"egg-web.log","agentLogName":"egg-agent.log","errorLogName":"common-error.log","coreLogger":{"consoleLevel":"WARN"},"allowDebugAtProd":false,"enablePerformanceTimer":false,"type":"application"}
2024-11-29 17:21:11,582 INFO 52096 [egg-multipart] stream mode enable
2024-11-29 17:21:13,964 INFO 52096 [egg-static] starting static serve /public/ -> /Users/Rodrigo/development/github/vozbox-work-server/app/public
2024-11-29 17:21:13,966 WARN 52096 [egg-security] Please use `config.security.csrf = { enable: false }` instead of `config.security.csrf = false`
2024-11-29 17:21:13,977 INFO 52096 [egg-security] use methodnoallow middleware
2024-11-29 17:21:13,979 INFO 52096 [egg-security] use noopen middleware
2024-11-29 17:21:13,981 INFO 52096 [egg-security] use nosniff middleware
2024-11-29 17:21:13,983 INFO 52096 [egg-security] use xssProtection middleware
2024-11-29 17:21:13,984 INFO 52096 [egg-security] use xframe middleware
2024-11-29 17:21:13,986 INFO 52096 [egg-security] use dta middleware
2024-11-29 17:21:13,986 INFO 52096 [egg-security] compose 6 middlewares into one security middleware
2024-11-29 17:21:14,125 INFO 52096 [egg:core] dump config after load, 13ms
2024-11-29 17:21:14,177 INFO 52096 [egg-watcher:application] watcher start success
2024-11-29 17:21:14,339 INFO 52096 [egg:core] dump config after ready, 5ms
2024-11-29 17:21:43,948 INFO 52116 [egg:logger] init all loggers with options: {"dir":"/Users/Rodrigo/development/github/vozbox-work-server/logs/tomato-work-server","encoding":"utf8","env":"local","level":"INFO","consoleLevel":"INFO","disableConsoleAfterReady":false,"outputJSON":false,"buffer":true,"appLogName":"tomato-work-server-web.log","coreLogName":"egg-web.log","agentLogName":"egg-agent.log","errorLogName":"common-error.log","coreLogger":{"consoleLevel":"WARN"},"allowDebugAtProd":false,"enablePerformanceTimer":false,"type":"application"}
2024-11-29 17:21:44,020 INFO 52116 [egg-multipart] stream mode enable
2024-11-29 17:21:45,811 INFO 52116 [egg-static] starting static serve /public/ -> /Users/Rodrigo/development/github/vozbox-work-server/app/public
2024-11-29 17:21:45,812 WARN 52116 [egg-security] Please use `config.security.csrf = { enable: false }` instead of `config.security.csrf = false`
2024-11-29 17:21:45,816 INFO 52116 [egg-security] use methodnoallow middleware
2024-11-29 17:21:45,818 INFO 52116 [egg-security] use noopen middleware
2024-11-29 17:21:45,820 INFO 52116 [egg-security] use nosniff middleware
2024-11-29 17:21:45,822 INFO 52116 [egg-security] use xssProtection middleware
2024-11-29 17:21:45,825 INFO 52116 [egg-security] use xframe middleware
2024-11-29 17:21:45,827 INFO 52116 [egg-security] use dta middleware
2024-11-29 17:21:45,827 INFO 52116 [egg-security] compose 6 middlewares into one security middleware
2024-11-29 17:21:45,895 INFO 52116 [egg:core] dump config after load, 8ms
2024-11-29 17:21:45,962 INFO 52116 [egg-watcher:application] watcher start success
2024-11-29 17:21:46,049 INFO 52116 [egg:core] dump config after ready, 3ms
2024-11-29 17:24:20,545 INFO 52166 [egg:logger] init all loggers with options: {"dir":"/Users/Rodrigo/development/github/vozbox-work-server/logs/tomato-work-server","encoding":"utf8","env":"local","level":"INFO","consoleLevel":"INFO","disableConsoleAfterReady":false,"outputJSON":false,"buffer":true,"appLogName":"tomato-work-server-web.log","coreLogName":"egg-web.log","agentLogName":"egg-agent.log","errorLogName":"common-error.log","coreLogger":{"consoleLevel":"WARN"},"allowDebugAtProd":false,"enablePerformanceTimer":false,"type":"application"}
2024-11-29 17:24:20,610 INFO 52166 [egg-multipart] stream mode enable
2024-11-29 17:24:22,902 INFO 52166 [egg-static] starting static serve /public/ -> /Users/Rodrigo/development/github/vozbox-work-server/app/public
2024-11-29 17:24:22,903 WARN 52166 [egg-security] Please use `config.security.csrf = { enable: false }` instead of `config.security.csrf = false`
2024-11-29 17:24:22,907 INFO 52166 [egg-security] use methodnoallow middleware
2024-11-29 17:24:22,910 INFO 52166 [egg-security] use noopen middleware
2024-11-29 17:24:22,912 INFO 52166 [egg-security] use nosniff middleware
2024-11-29 17:24:22,913 INFO 52166 [egg-security] use xssProtection middleware
2024-11-29 17:24:22,915 INFO 52166 [egg-security] use xframe middleware
2024-11-29 17:24:22,919 INFO 52166 [egg-security] use dta middleware
2024-11-29 17:24:22,919 INFO 52166 [egg-security] compose 6 middlewares into one security middleware
2024-11-29 17:24:23,051 INFO 52166 [egg:core] dump config after load, 8ms
2024-11-29 17:24:23,123 INFO 52166 [egg-watcher:application] watcher start success
2024-11-29 17:24:23,538 INFO 52166 [egg:core] dump config after ready, 11ms
2024-11-29 17:27:40,450 INFO 52228 [egg:logger] init all loggers with options: {"dir":"/Users/Rodrigo/development/github/vozbox-work-server/logs/tomato-work-server","encoding":"utf8","env":"local","level":"INFO","consoleLevel":"INFO","disableConsoleAfterReady":false,"outputJSON":false,"buffer":true,"appLogName":"tomato-work-server-web.log","coreLogName":"egg-web.log","agentLogName":"egg-agent.log","errorLogName":"common-error.log","coreLogger":{"consoleLevel":"WARN"},"allowDebugAtProd":false,"enablePerformanceTimer":false,"type":"application"}
2024-11-29 17:27:40,529 INFO 52228 [egg-multipart] stream mode enable
2024-11-29 17:27:43,107 INFO 52228 [egg-static] starting static serve /public/ -> /Users/Rodrigo/development/github/vozbox-work-server/app/public
2024-11-29 17:27:43,111 WARN 52228 [egg-security] Please use `config.security.csrf = { enable: false }` instead of `config.security.csrf = false`
2024-11-29 17:27:43,120 INFO 52228 [egg-security] use methodnoallow middleware
2024-11-29 17:27:43,122 INFO 52228 [egg-security] use noopen middleware
2024-11-29 17:27:43,124 INFO 52228 [egg-security] use nosniff middleware
2024-11-29 17:27:43,126 INFO 52228 [egg-security] use xssProtection middleware
2024-11-29 17:27:43,129 INFO 52228 [egg-security] use xframe middleware
2024-11-29 17:27:43,131 INFO 52228 [egg-security] use dta middleware
2024-11-29 17:27:43,131 INFO 52228 [egg-security] compose 6 middlewares into one security middleware
2024-11-29 17:27:43,198 INFO 52228 [egg:core] dump config after load, 8ms
2024-11-29 17:27:43,269 INFO 52228 [egg-watcher:application] watcher start success
2024-11-29 17:27:43,360 INFO 52228 [egg:core] dump config after ready, 5ms
2024-11-29 17:28:43,759 INFO 52254 [egg:logger] init all loggers with options: {"dir":"/Users/Rodrigo/development/github/vozbox-work-server/logs/tomato-work-server","encoding":"utf8","env":"local","level":"INFO","consoleLevel":"INFO","disableConsoleAfterReady":false,"outputJSON":false,"buffer":true,"appLogName":"tomato-work-server-web.log","coreLogName":"egg-web.log","agentLogName":"egg-agent.log","errorLogName":"common-error.log","coreLogger":{"consoleLevel":"WARN"},"allowDebugAtProd":false,"enablePerformanceTimer":false,"type":"application"}
2024-11-29 17:28:43,825 INFO 52254 [egg-multipart] stream mode enable
2024-11-29 17:28:45,592 INFO 52254 [egg-static] starting static serve /public/ -> /Users/Rodrigo/development/github/vozbox-work-server/app/public
2024-11-29 17:28:45,594 WARN 52254 [egg-security] Please use `config.security.csrf = { enable: false }` instead of `config.security.csrf = false`
2024-11-29 17:28:45,598 INFO 52254 [egg-security] use methodnoallow middleware
2024-11-29 17:28:45,599 INFO 52254 [egg-security] use noopen middleware
2024-11-29 17:28:45,602 INFO 52254 [egg-security] use nosniff middleware
2024-11-29 17:28:45,603 INFO 52254 [egg-security] use xssProtection middleware
2024-11-29 17:28:45,605 INFO 52254 [egg-security] use xframe middleware
2024-11-29 17:28:45,607 INFO 52254 [egg-security] use dta middleware
2024-11-29 17:28:45,607 INFO 52254 [egg-security] compose 6 middlewares into one security middleware
2024-11-29 17:28:45,674 INFO 52254 [egg:core] dump config after load, 6ms
2024-11-29 17:28:45,740 INFO 52254 [egg-watcher:application] watcher start success
2024-11-29 17:28:45,965 INFO 52254 [egg:core] dump config after ready, 6ms
2024-11-29 17:29:09,896 INFO 52269 [egg:logger] init all loggers with options: {"dir":"/Users/Rodrigo/development/github/vozbox-work-server/logs/tomato-work-server","encoding":"utf8","env":"local","level":"INFO","consoleLevel":"INFO","disableConsoleAfterReady":false,"outputJSON":false,"buffer":true,"appLogName":"tomato-work-server-web.log","coreLogName":"egg-web.log","agentLogName":"egg-agent.log","errorLogName":"common-error.log","coreLogger":{"consoleLevel":"WARN"},"allowDebugAtProd":false,"enablePerformanceTimer":false,"type":"application"}
2024-11-29 17:29:09,943 INFO 52269 [egg-multipart] stream mode enable
2024-11-29 17:29:11,825 INFO 52269 [egg-static] starting static serve /public/ -> /Users/Rodrigo/development/github/vozbox-work-server/app/public
2024-11-29 17:29:11,828 WARN 52269 [egg-security] Please use `config.security.csrf = { enable: false }` instead of `config.security.csrf = false`
2024-11-29 17:29:11,832 INFO 52269 [egg-security] use methodnoallow middleware
2024-11-29 17:29:11,834 INFO 52269 [egg-security] use noopen middleware
2024-11-29 17:29:11,836 INFO 52269 [egg-security] use nosniff middleware
2024-11-29 17:29:11,837 INFO 52269 [egg-security] use xssProtection middleware
2024-11-29 17:29:11,839 INFO 52269 [egg-security] use xframe middleware
2024-11-29 17:29:11,841 INFO 52269 [egg-security] use dta middleware
2024-11-29 17:29:11,841 INFO 52269 [egg-security] compose 6 middlewares into one security middleware
2024-11-29 17:29:11,940 INFO 52269 [egg:core] dump config after load, 9ms
2024-11-29 17:29:11,976 INFO 52269 [egg-watcher:application] watcher start success
2024-11-29 17:29:12,172 INFO 52269 [egg:core] dump config after ready, 8ms
2024-11-29 17:29:26,789 INFO 52284 [egg:logger] init all loggers with options: {"dir":"/Users/Rodrigo/development/github/vozbox-work-server/logs/tomato-work-server","encoding":"utf8","env":"local","level":"INFO","consoleLevel":"INFO","disableConsoleAfterReady":false,"outputJSON":false,"buffer":true,"appLogName":"tomato-work-server-web.log","coreLogName":"egg-web.log","agentLogName":"egg-agent.log","errorLogName":"common-error.log","coreLogger":{"consoleLevel":"WARN"},"allowDebugAtProd":false,"enablePerformanceTimer":false,"type":"application"}
2024-11-29 17:29:26,842 INFO 52284 [egg-multipart] stream mode enable
2024-11-29 17:29:28,613 INFO 52284 [egg-static] starting static serve /public/ -> /Users/Rodrigo/development/github/vozbox-work-server/app/public
2024-11-29 17:29:28,614 WARN 52284 [egg-security] Please use `config.security.csrf = { enable: false }` instead of `config.security.csrf = false`
2024-11-29 17:29:28,618 INFO 52284 [egg-security] use methodnoallow middleware
2024-11-29 17:29:28,620 INFO 52284 [egg-security] use noopen middleware
2024-11-29 17:29:28,622 INFO 52284 [egg-security] use nosniff middleware
2024-11-29 17:29:28,624 INFO 52284 [egg-security] use xssProtection middleware
2024-11-29 17:29:28,627 INFO 52284 [egg-security] use xframe middleware
2024-11-29 17:29:28,629 INFO 52284 [egg-security] use dta middleware
2024-11-29 17:29:28,629 INFO 52284 [egg-security] compose 6 middlewares into one security middleware
2024-11-29 17:29:28,697 INFO 52284 [egg:core] dump config after load, 5ms
2024-11-29 17:29:28,761 INFO 52284 [egg-watcher:application] watcher start success
2024-11-29 17:29:28,849 INFO 52284 [egg:core] dump config after ready, 4ms
