2024-12-04 07:08:33,621 INFO 72308 [egg-sequelize](21ms) Executed (default): SELECT `id`, `uid`, `provider`, `login_name` AS `loginName`, `username`, `password`, `token`, `avatar_url` AS `avatarUrl`, `location`, `bio`, `email`, `ip_addr` AS `ipAddr`, `role`, `created_at` AS `createdAt`, `updated_at` AS `updatedAt` FROM `users` AS `user` WHERE `user`.`token` = '1122' LIMIT 1;
2024-12-04 07:08:33,667 INFO 72308 [egg-sequelize](12ms) Executed (default): SELECT count(*) AS `count` FROM `cdr` AS `cdr` WHERE (DATE(`calldate`) <= '2024-12-31' AND DATE(`calldate`) >= '2024-12-01');
2024-12-04 07:08:33,671 INFO 72308 [egg-sequelize](14ms) Executed (default): SELECT `src`, `dst`, `disposition`, `duration` FROM `cdr` AS `cdr` WHERE (DATE(`calldate`) <= '2024-12-31' AND DATE(`calldate`) >= '2024-12-01') ORDER BY `cdr`.`calldate` DESC LIMIT 0, 50;
2024-12-04 07:08:36,134 INFO 72308 [egg-sequelize](1ms) Executed (default): SELECT `id`, `uid`, `provider`, `login_name` AS `loginName`, `username`, `password`, `token`, `avatar_url` AS `avatarUrl`, `location`, `bio`, `email`, `ip_addr` AS `ipAddr`, `role`, `created_at` AS `createdAt`, `updated_at` AS `updatedAt` FROM `users` AS `user` WHERE `user`.`token` = '1122' LIMIT 1;
2024-12-04 07:08:36,157 INFO 72308 [egg-sequelize](20ms) Executed (default): SELECT count(*) AS `count` FROM `cdr` AS `cdr` WHERE (DATE(`calldate`) <= '2024-12-31' AND DATE(`calldate`) >= '2024-01-01') AND `cdr`.`dst` LIKE '%%' AND `cdr`.`disposition` LIKE '%%' AND `cdr`.`accountcode` IN ('2', '2.01', '2.02');
2024-12-04 07:08:36,162 INFO 72308 [egg-sequelize](25ms) Executed (default): SELECT `uniqueid`, `calldate`, `src`, `dst`, `disposition`, `accountcode` FROM `cdr` AS `cdr` WHERE (DATE(`calldate`) <= '2024-12-31' AND DATE(`calldate`) >= '2024-01-01') AND `cdr`.`dst` LIKE '%%' AND `cdr`.`disposition` LIKE '%%' AND `cdr`.`accountcode` IN ('2', '2.01', '2.02') ORDER BY `cdr`.`calldate` DESC LIMIT 0, 50;
2024-12-04 07:08:37,424 INFO 72308 [egg-sequelize](21ms) Executed (default): SELECT sum(`price`) AS `price`, `billType`.`type` AS `type` FROM `bills` AS `bill` INNER JOIN `bill_types` AS `billType` ON `bill`.`type_id` = `billType`.`id` AND `billType`.`uid` = 112233 WHERE (DATE(`bill`.`created_at`) <= '2024-12-31' AND DATE(`bill`.`created_at`) >= '2024-01-01') AND `bill`.`remark` LIKE '%undefined%' AND `bill`.`uid` = 112233 GROUP BY `billType`.`type`;
2024-12-04 07:09:17,128 INFO 72308 [egg-sequelize](7ms) Executed (default): SELECT
      r.content, r.id, u.email, c.server_chan_sckey AS sckey
      FROM reminders AS r, users AS u, user_configures as c
      WHERE r.type = 1 AND u.email != "" AND r.uid = u.uid AND c.uid = r.uid AND r.created_at <= '2024-12-04 07:09:17'
2024-12-04 07:10:17,104 INFO 72308 [egg-sequelize](5ms) Executed (default): SELECT
      r.content, r.id, u.email, c.server_chan_sckey AS sckey
      FROM reminders AS r, users AS u, user_configures as c
      WHERE r.type = 1 AND u.email != "" AND r.uid = u.uid AND c.uid = r.uid AND r.created_at <= '2024-12-04 07:10:17'
2024-12-04 07:11:17,142 INFO 72308 [egg-sequelize](21ms) Executed (default): SELECT
      r.content, r.id, u.email, c.server_chan_sckey AS sckey
      FROM reminders AS r, users AS u, user_configures as c
      WHERE r.type = 1 AND u.email != "" AND r.uid = u.uid AND c.uid = r.uid AND r.created_at <= '2024-12-04 07:11:17'
2024-12-04 07:12:17,222 INFO 72308 [egg-sequelize](21ms) Executed (default): SELECT
      r.content, r.id, u.email, c.server_chan_sckey AS sckey
      FROM reminders AS r, users AS u, user_configures as c
      WHERE r.type = 1 AND u.email != "" AND r.uid = u.uid AND c.uid = r.uid AND r.created_at <= '2024-12-04 07:12:17'
2024-12-04 07:13:17,134 INFO 72308 [egg-sequelize](6ms) Executed (default): SELECT
      r.content, r.id, u.email, c.server_chan_sckey AS sckey
      FROM reminders AS r, users AS u, user_configures as c
      WHERE r.type = 1 AND u.email != "" AND r.uid = u.uid AND c.uid = r.uid AND r.created_at <= '2024-12-04 07:13:17'
2024-12-04 07:14:17,142 INFO 72308 [egg-sequelize](7ms) Executed (default): SELECT
      r.content, r.id, u.email, c.server_chan_sckey AS sckey
      FROM reminders AS r, users AS u, user_configures as c
      WHERE r.type = 1 AND u.email != "" AND r.uid = u.uid AND c.uid = r.uid AND r.created_at <= '2024-12-04 07:14:17'
2024-12-04 07:15:17,173 INFO 72308 [egg-sequelize](12ms) Executed (default): SELECT
      r.content, r.id, u.email, c.server_chan_sckey AS sckey
      FROM reminders AS r, users AS u, user_configures as c
      WHERE r.type = 1 AND u.email != "" AND r.uid = u.uid AND c.uid = r.uid AND r.created_at <= '2024-12-04 07:15:17'
2024-12-04 07:16:17,162 INFO 72308 [egg-sequelize](13ms) Executed (default): SELECT
      r.content, r.id, u.email, c.server_chan_sckey AS sckey
      FROM reminders AS r, users AS u, user_configures as c
      WHERE r.type = 1 AND u.email != "" AND r.uid = u.uid AND c.uid = r.uid AND r.created_at <= '2024-12-04 07:16:17'
2024-12-04 07:17:17,151 INFO 72308 [egg-sequelize](4ms) Executed (default): SELECT
      r.content, r.id, u.email, c.server_chan_sckey AS sckey
      FROM reminders AS r, users AS u, user_configures as c
      WHERE r.type = 1 AND u.email != "" AND r.uid = u.uid AND c.uid = r.uid AND r.created_at <= '2024-12-04 07:17:17'
2024-12-04 07:18:17,150 INFO 72308 [egg-sequelize](5ms) Executed (default): SELECT
      r.content, r.id, u.email, c.server_chan_sckey AS sckey
      FROM reminders AS r, users AS u, user_configures as c
      WHERE r.type = 1 AND u.email != "" AND r.uid = u.uid AND c.uid = r.uid AND r.created_at <= '2024-12-04 07:18:17'
2024-12-04 07:19:17,184 INFO 72308 [egg-sequelize](28ms) Executed (default): SELECT
      r.content, r.id, u.email, c.server_chan_sckey AS sckey
      FROM reminders AS r, users AS u, user_configures as c
      WHERE r.type = 1 AND u.email != "" AND r.uid = u.uid AND c.uid = r.uid AND r.created_at <= '2024-12-04 07:19:17'
2024-12-04 07:20:17,163 INFO 72308 [egg-sequelize](7ms) Executed (default): SELECT
      r.content, r.id, u.email, c.server_chan_sckey AS sckey
      FROM reminders AS r, users AS u, user_configures as c
      WHERE r.type = 1 AND u.email != "" AND r.uid = u.uid AND c.uid = r.uid AND r.created_at <= '2024-12-04 07:20:17'
2024-12-04 07:21:17,166 INFO 72308 [egg-sequelize](3ms) Executed (default): SELECT
      r.content, r.id, u.email, c.server_chan_sckey AS sckey
      FROM reminders AS r, users AS u, user_configures as c
      WHERE r.type = 1 AND u.email != "" AND r.uid = u.uid AND c.uid = r.uid AND r.created_at <= '2024-12-04 07:21:17'
2024-12-04 07:22:17,177 INFO 72308 [egg-sequelize](13ms) Executed (default): SELECT
      r.content, r.id, u.email, c.server_chan_sckey AS sckey
      FROM reminders AS r, users AS u, user_configures as c
      WHERE r.type = 1 AND u.email != "" AND r.uid = u.uid AND c.uid = r.uid AND r.created_at <= '2024-12-04 07:22:17'
2024-12-04 07:23:17,188 INFO 72308 [egg-sequelize](13ms) Executed (default): SELECT
      r.content, r.id, u.email, c.server_chan_sckey AS sckey
      FROM reminders AS r, users AS u, user_configures as c
      WHERE r.type = 1 AND u.email != "" AND r.uid = u.uid AND c.uid = r.uid AND r.created_at <= '2024-12-04 07:23:17'
2024-12-04 07:24:17,227 INFO 72308 [egg-sequelize](19ms) Executed (default): SELECT
      r.content, r.id, u.email, c.server_chan_sckey AS sckey
      FROM reminders AS r, users AS u, user_configures as c
      WHERE r.type = 1 AND u.email != "" AND r.uid = u.uid AND c.uid = r.uid AND r.created_at <= '2024-12-04 07:24:17'
2024-12-04 07:25:17,196 INFO 72308 [egg-sequelize](16ms) Executed (default): SELECT
      r.content, r.id, u.email, c.server_chan_sckey AS sckey
      FROM reminders AS r, users AS u, user_configures as c
      WHERE r.type = 1 AND u.email != "" AND r.uid = u.uid AND c.uid = r.uid AND r.created_at <= '2024-12-04 07:25:17'
2024-12-04 07:26:17,185 INFO 72308 [egg-sequelize](2ms) Executed (default): SELECT
      r.content, r.id, u.email, c.server_chan_sckey AS sckey
      FROM reminders AS r, users AS u, user_configures as c
      WHERE r.type = 1 AND u.email != "" AND r.uid = u.uid AND c.uid = r.uid AND r.created_at <= '2024-12-04 07:26:17'
2024-12-04 07:27:17,206 INFO 72308 [egg-sequelize](15ms) Executed (default): SELECT
      r.content, r.id, u.email, c.server_chan_sckey AS sckey
      FROM reminders AS r, users AS u, user_configures as c
      WHERE r.type = 1 AND u.email != "" AND r.uid = u.uid AND c.uid = r.uid AND r.created_at <= '2024-12-04 07:27:17'
2024-12-04 07:28:17,194 INFO 72308 [egg-sequelize](3ms) Executed (default): SELECT
      r.content, r.id, u.email, c.server_chan_sckey AS sckey
      FROM reminders AS r, users AS u, user_configures as c
      WHERE r.type = 1 AND u.email != "" AND r.uid = u.uid AND c.uid = r.uid AND r.created_at <= '2024-12-04 07:28:17'
2024-12-04 07:29:17,185 INFO 72308 [egg-sequelize](2ms) Executed (default): SELECT
      r.content, r.id, u.email, c.server_chan_sckey AS sckey
      FROM reminders AS r, users AS u, user_configures as c
      WHERE r.type = 1 AND u.email != "" AND r.uid = u.uid AND c.uid = r.uid AND r.created_at <= '2024-12-04 07:29:17'
2024-12-04 07:30:17,233 INFO 72308 [egg-sequelize](21ms) Executed (default): SELECT
      r.content, r.id, u.email, c.server_chan_sckey AS sckey
      FROM reminders AS r, users AS u, user_configures as c
      WHERE r.type = 1 AND u.email != "" AND r.uid = u.uid AND c.uid = r.uid AND r.created_at <= '2024-12-04 07:30:17'
2024-12-04 07:31:17,194 INFO 72308 [egg-sequelize](6ms) Executed (default): SELECT
      r.content, r.id, u.email, c.server_chan_sckey AS sckey
      FROM reminders AS r, users AS u, user_configures as c
      WHERE r.type = 1 AND u.email != "" AND r.uid = u.uid AND c.uid = r.uid AND r.created_at <= '2024-12-04 07:31:17'
2024-12-04 07:32:17,216 INFO 72308 [egg-sequelize](10ms) Executed (default): SELECT
      r.content, r.id, u.email, c.server_chan_sckey AS sckey
      FROM reminders AS r, users AS u, user_configures as c
      WHERE r.type = 1 AND u.email != "" AND r.uid = u.uid AND c.uid = r.uid AND r.created_at <= '2024-12-04 07:32:17'
2024-12-04 07:33:17,197 INFO 72308 [egg-sequelize](5ms) Executed (default): SELECT
      r.content, r.id, u.email, c.server_chan_sckey AS sckey
      FROM reminders AS r, users AS u, user_configures as c
      WHERE r.type = 1 AND u.email != "" AND r.uid = u.uid AND c.uid = r.uid AND r.created_at <= '2024-12-04 07:33:17'
2024-12-04 07:34:17,203 INFO 72308 [egg-sequelize](5ms) Executed (default): SELECT
      r.content, r.id, u.email, c.server_chan_sckey AS sckey
      FROM reminders AS r, users AS u, user_configures as c
      WHERE r.type = 1 AND u.email != "" AND r.uid = u.uid AND c.uid = r.uid AND r.created_at <= '2024-12-04 07:34:17'
2024-12-04 07:35:17,206 INFO 72308 [egg-sequelize](6ms) Executed (default): SELECT
      r.content, r.id, u.email, c.server_chan_sckey AS sckey
      FROM reminders AS r, users AS u, user_configures as c
      WHERE r.type = 1 AND u.email != "" AND r.uid = u.uid AND c.uid = r.uid AND r.created_at <= '2024-12-04 07:35:17'
2024-12-04 07:36:17,206 INFO 72308 [egg-sequelize](4ms) Executed (default): SELECT
      r.content, r.id, u.email, c.server_chan_sckey AS sckey
      FROM reminders AS r, users AS u, user_configures as c
      WHERE r.type = 1 AND u.email != "" AND r.uid = u.uid AND c.uid = r.uid AND r.created_at <= '2024-12-04 07:36:17'
2024-12-04 07:37:17,209 INFO 72308 [egg-sequelize](5ms) Executed (default): SELECT
      r.content, r.id, u.email, c.server_chan_sckey AS sckey
      FROM reminders AS r, users AS u, user_configures as c
      WHERE r.type = 1 AND u.email != "" AND r.uid = u.uid AND c.uid = r.uid AND r.created_at <= '2024-12-04 07:37:17'
2024-12-04 07:38:17,224 INFO 72308 [egg-sequelize](6ms) Executed (default): SELECT
      r.content, r.id, u.email, c.server_chan_sckey AS sckey
      FROM reminders AS r, users AS u, user_configures as c
      WHERE r.type = 1 AND u.email != "" AND r.uid = u.uid AND c.uid = r.uid AND r.created_at <= '2024-12-04 07:38:17'
2024-12-04 07:39:17,275 INFO 72308 [egg-sequelize](5ms) Executed (default): SELECT
      r.content, r.id, u.email, c.server_chan_sckey AS sckey
      FROM reminders AS r, users AS u, user_configures as c
      WHERE r.type = 1 AND u.email != "" AND r.uid = u.uid AND c.uid = r.uid AND r.created_at <= '2024-12-04 07:39:17'
2024-12-04 07:40:17,225 INFO 72308 [egg-sequelize](3ms) Executed (default): SELECT
      r.content, r.id, u.email, c.server_chan_sckey AS sckey
      FROM reminders AS r, users AS u, user_configures as c
      WHERE r.type = 1 AND u.email != "" AND r.uid = u.uid AND c.uid = r.uid AND r.created_at <= '2024-12-04 07:40:17'
2024-12-04 07:40:55,402 INFO 72308 [egg-sequelize](6ms) Executed (default): SELECT `id`, `uid`, `provider`, `login_name` AS `loginName`, `username`, `password`, `token`, `avatar_url` AS `avatarUrl`, `location`, `bio`, `email`, `ip_addr` AS `ipAddr`, `role`, `created_at` AS `createdAt`, `updated_at` AS `updatedAt` FROM `users` AS `user` WHERE `user`.`token` = '1122' LIMIT 1;
2024-12-04 07:40:55,449 INFO 72308 [egg-sequelize](49ms) Executed (default): SELECT `id`, `uid`, `provider`, `login_name` AS `loginName`, `username`, `password`, `token`, `avatar_url` AS `avatarUrl`, `location`, `bio`, `email`, `ip_addr` AS `ipAddr`, `role`, `created_at` AS `createdAt`, `updated_at` AS `updatedAt` FROM `users` AS `user` WHERE `user`.`token` = '1122' LIMIT 1;
2024-12-04 07:40:55,464 INFO 72308 [egg-sequelize](5ms) Executed (default): SELECT VERSION() as mysqlVersion
2024-12-04 07:41:00,189 INFO 72308 [egg-sequelize](16ms) Executed (default): SELECT `id`, `uid`, `provider`, `login_name` AS `loginName`, `username`, `password`, `token`, `avatar_url` AS `avatarUrl`, `location`, `bio`, `email`, `ip_addr` AS `ipAddr`, `role`, `created_at` AS `createdAt`, `updated_at` AS `updatedAt` FROM `users` AS `user` WHERE `user`.`token` = '1122' LIMIT 1;
2024-12-04 07:41:11,581 INFO 72308 [egg-sequelize](5ms) Executed (default): SELECT `id`, `uid`, `provider`, `login_name` AS `loginName`, `username`, `password`, `token`, `avatar_url` AS `avatarUrl`, `location`, `bio`, `email`, `ip_addr` AS `ipAddr`, `role`, `created_at` AS `createdAt`, `updated_at` AS `updatedAt` FROM `users` AS `user` WHERE `user`.`token` = '1122' LIMIT 1;
2024-12-04 07:41:11,646 INFO 72308 [egg-sequelize](16ms) Executed (default): SELECT count(*) AS `count` FROM `reminders` AS `reminder` WHERE (DATE(`created_at`) <= '2024-12-31' AND DATE(`created_at`) >= '2024-01-01') AND `reminder`.`uid` = 112233;
2024-12-04 07:41:11,661 INFO 72308 [egg-sequelize](22ms) Executed (default): SELECT `id`, `uid`, `content`, `date`, `type`, `created_at` AS `createdAt`, `updated_at` AS `updatedAt` FROM `reminders` AS `reminder` WHERE (DATE(`created_at`) <= '2024-12-31' AND DATE(`created_at`) >= '2024-01-01') AND `reminder`.`uid` = 112233 ORDER BY `createdAt` DESC LIMIT 0, 50;
2024-12-04 07:41:13,445 INFO 72308 [egg-sequelize](3ms) Executed (default): SELECT `id`, `uid`, `provider`, `login_name` AS `loginName`, `username`, `password`, `token`, `avatar_url` AS `avatarUrl`, `location`, `bio`, `email`, `ip_addr` AS `ipAddr`, `role`, `created_at` AS `createdAt`, `updated_at` AS `updatedAt` FROM `users` AS `user` WHERE `user`.`token` = '1122' LIMIT 1;
2024-12-04 07:41:13,603 INFO 72308 [egg-sequelize](122ms) Executed (default): SELECT count(*) AS `count` FROM `todo_lists` AS `todo_list` WHERE `todo_list`.`status` = 1 AND `todo_list`.`uid` = 112233;
2024-12-04 07:41:13,605 INFO 72308 [egg-sequelize](125ms) Executed (default): SELECT 
      SUM(a.price) AS price,
      b.type,
      DATE(a.created_at) AS date
      from bills AS a,
      bill_types AS b
      WHERE a.type_id = b.id AND a.uid = 112233 AND DATE(a.created_at) >= '2024-12-04' AND DATE(a.created_at) <= '2024-12-04' 
      GROUP BY b.type,
      DATE(a.created_at)
      ORDER BY DATE(a.created_at);
2024-12-04 07:41:13,673 INFO 72308 [egg-sequelize](66ms) Executed (default): SELECT count(*) AS `count` FROM `reminders` AS `reminder` WHERE `reminder`.`uid` = 112233 AND `reminder`.`type` = 1;
2024-12-04 07:41:13,684 INFO 72308 [egg-sequelize](9ms) Executed (default): SELECT `id`, `uid`, `content`, `status`, `created_at` AS `createdAt`, `updated_at` AS `updatedAt` FROM `todo_lists` AS `todo_list` WHERE `todo_list`.`status` = 1 AND `todo_list`.`uid` = 112233 ORDER BY `createdAt` DESC;
2024-12-04 07:41:13,697 INFO 72308 [egg-sequelize](39ms) Executed (default): SELECT `id`, `uid`, `content`, `date`, `type`, `count`, `created_at` AS `createdAt`, `updated_at` AS `updatedAt` FROM `tasks` AS `task` WHERE `task`.`uid` = 112233 AND `task`.`type` IN (1, 2) ORDER BY `createdAt` DESC;
2024-12-04 07:41:13,704 INFO 72308 [egg-sequelize](19ms) Executed (default): SELECT `id`, `uid`, `content`, `date`, `type`, `created_at` AS `createdAt`, `updated_at` AS `updatedAt` FROM `reminders` AS `reminder` WHERE `reminder`.`uid` = 112233 AND `reminder`.`type` = 1 ORDER BY `createdAt` DESC;
2024-12-04 07:41:13,721 INFO 72308 [egg-sequelize](23ms) Executed (default): SELECT `id`, `uid`, `provider`, `login_name` AS `loginName`, `username`, `password`, `token`, `avatar_url` AS `avatarUrl`, `location`, `bio`, `email`, `ip_addr` AS `ipAddr`, `role`, `created_at` AS `createdAt`, `updated_at` AS `updatedAt` FROM `users` AS `user` WHERE `user`.`token` = '1122' LIMIT 1;
2024-12-04 07:41:13,737 INFO 72308 [egg-sequelize](28ms) Executed (default): SELECT `id`, `uid`, `provider`, `login_name` AS `loginName`, `username`, `password`, `token`, `avatar_url` AS `avatarUrl`, `location`, `bio`, `email`, `ip_addr` AS `ipAddr`, `role`, `created_at` AS `createdAt`, `updated_at` AS `updatedAt` FROM `users` AS `user` WHERE `user`.`token` = '1122' LIMIT 1;
2024-12-04 07:41:13,753 INFO 72308 [egg-sequelize](32ms) Executed (default): SELECT `id`, `uid`, `provider`, `login_name` AS `loginName`, `username`, `password`, `token`, `avatar_url` AS `avatarUrl`, `location`, `bio`, `email`, `ip_addr` AS `ipAddr`, `role`, `created_at` AS `createdAt`, `updated_at` AS `updatedAt` FROM `users` AS `user` WHERE `user`.`token` = '1122' LIMIT 1;
2024-12-04 07:41:13,773 INFO 72308 [egg-sequelize](35ms) Executed (default): SELECT count(*) AS `count` FROM `inner_messages` AS `inner_message` WHERE `inner_message`.`uid` = 112233;
2024-12-04 07:41:14,312 INFO 72308 [egg-sequelize](558ms) Executed (default): SELECT `id`, `uid`, `content`, `type`, `has_read` AS `hasRead`, `created_at` AS `createdAt`, `updated_at` AS `updatedAt` FROM `inner_messages` AS `inner_message` WHERE `inner_message`.`uid` = 112233 ORDER BY `createdAt` DESC LIMIT 0, 5;
2024-12-04 07:41:14,320 INFO 72308 [egg-sequelize](545ms) Executed (default): SELECT 
      SUM(a.price) AS price,
      b.type,
      DATE(a.created_at) AS date
      from bills AS a,
      bill_types AS b
      WHERE a.type_id = b.id AND a.uid = 112233 AND DATE(a.created_at) >= '2024-11-27' AND DATE(a.created_at) <= '2024-12-04' 
      GROUP BY b.type,
      DATE(a.created_at)
      ORDER BY DATE(a.created_at);
2024-12-04 07:41:14,346 INFO 72308 [egg-sequelize](33ms) Executed (default): SELECT 
      SUM(f.price) as amount, t.type, t.name
      FROM bills AS f
      INNER JOIN bill_types as t
      ON f.uid = 112233 AND t.id = f.type_id
      AND DATE(f.created_at) >= '2024-11-24' AND DATE(f.created_at) <= '2024-12-01'
      GROUP BY t.type, t.name;
2024-12-04 07:41:17,212 INFO 72308 [egg-sequelize](1ms) Executed (default): SELECT
      r.content, r.id, u.email, c.server_chan_sckey AS sckey
      FROM reminders AS r, users AS u, user_configures as c
      WHERE r.type = 1 AND u.email != "" AND r.uid = u.uid AND c.uid = r.uid AND r.created_at <= '2024-12-04 07:41:17'
2024-12-04 07:41:19,029 INFO 72308 [egg-sequelize](1ms) Executed (default): SELECT `id`, `uid`, `provider`, `login_name` AS `loginName`, `username`, `password`, `token`, `avatar_url` AS `avatarUrl`, `location`, `bio`, `email`, `ip_addr` AS `ipAddr`, `role`, `created_at` AS `createdAt`, `updated_at` AS `updatedAt` FROM `users` AS `user` WHERE `user`.`token` = '1122' LIMIT 1;
2024-12-04 07:41:19,031 INFO 72308 [egg-sequelize](1ms) Executed (default): SELECT count(*) AS `count` FROM `reminders` AS `reminder` WHERE (DATE(`created_at`) <= '2024-12-31' AND DATE(`created_at`) >= '2024-01-01') AND `reminder`.`uid` = 112233;
2024-12-04 07:41:19,032 INFO 72308 [egg-sequelize](2ms) Executed (default): SELECT `id`, `uid`, `content`, `date`, `type`, `created_at` AS `createdAt`, `updated_at` AS `updatedAt` FROM `reminders` AS `reminder` WHERE (DATE(`created_at`) <= '2024-12-31' AND DATE(`created_at`) >= '2024-01-01') AND `reminder`.`uid` = 112233 ORDER BY `createdAt` DESC LIMIT 0, 50;
2024-12-04 07:41:24,198 INFO 72308 [egg-sequelize](2ms) Executed (default): SELECT `id`, `uid`, `provider`, `login_name` AS `loginName`, `username`, `password`, `token`, `avatar_url` AS `avatarUrl`, `location`, `bio`, `email`, `ip_addr` AS `ipAddr`, `role`, `created_at` AS `createdAt`, `updated_at` AS `updatedAt` FROM `users` AS `user` WHERE `user`.`token` = '1122' LIMIT 1;
2024-12-04 07:41:24,222 INFO 72308 [egg-sequelize](18ms) Executed (default): SELECT `id`, `uid`, `sort_index` AS `sortIndex`, `title`, `markdown`, `created_at` AS `createdAt`, `updated_at` AS `updatedAt` FROM `memorandums` AS `memorandum` WHERE `memorandum`.`uid` = 112233 ORDER BY `updatedAt` DESC;
2024-12-04 07:41:55,503 ERROR 72308 [-/undefined/-/60119ms GET /api/dashboard] nodejs.SequelizeConnectionAcquireTimeoutError: Operation timeout
    at ConnectionManager.getConnection (/Users/Rodrigo/development/github/vozbox-work-server/node_modules/sequelize/lib/dialects/abstract/connection-manager.js:206:15)
    at runNextTicks (node:internal/process/task_queues:65:5)
    at listOnTimeout (node:internal/timers:555:9)
    at process.processTimers (node:internal/timers:529:7)
    at async /Users/Rodrigo/development/github/vozbox-work-server/node_modules/sequelize/lib/sequelize.js:305:26
    at async MySQLQueryInterface.select (/Users/Rodrigo/development/github/vozbox-work-server/node_modules/sequelize/lib/dialects/abstract/query-interface.js:407:12)
    at async cdr.findAll (/Users/Rodrigo/development/github/vozbox-work-server/node_modules/sequelize/lib/model.js:1140:21)
    at async Promise.all (index 1)
    at async cdr.findAndCountAll (/Users/Rodrigo/development/github/vozbox-work-server/node_modules/sequelize/lib/model.js:1322:27)
    at async Promise.all (index 1)
name: "SequelizeConnectionAcquireTimeoutError"
parent: {}
original: {}
headers: {"Access-Control-Allow-Origin":"*","vary":"Origin"}
headerSent: true
pid: 72308
hostname: CEREBRUM.local

2024-12-04 07:42:00,203 ERROR 72308 [-/undefined/-/60087ms POST /api/getCdr/get] nodejs.SequelizeConnectionAcquireTimeoutError: Operation timeout
    at ConnectionManager.getConnection (/Users/Rodrigo/development/github/vozbox-work-server/node_modules/sequelize/lib/dialects/abstract/connection-manager.js:206:15)
    at async /Users/Rodrigo/development/github/vozbox-work-server/node_modules/sequelize/lib/sequelize.js:305:26
    at async MySQLQueryInterface.rawSelect (/Users/Rodrigo/development/github/vozbox-work-server/node_modules/sequelize/lib/dialects/abstract/query-interface.js:434:18)
    at async cdr.aggregate (/Users/Rodrigo/development/github/vozbox-work-server/node_modules/sequelize/lib/model.js:1277:19)
    at async cdr.count (/Users/Rodrigo/development/github/vozbox-work-server/node_modules/sequelize/lib/model.js:1306:20)
    at async Promise.all (index 0)
    at async cdr.findAndCountAll (/Users/Rodrigo/development/github/vozbox-work-server/node_modules/sequelize/lib/model.js:1322:27)
    at async AsteriskCdr.findAndCountAllByUid (/Users/Rodrigo/development/github/vozbox-work-server/app/service/asterisk_cdr.js:97:20)
    at async AsteriskCdr.index (/Users/Rodrigo/development/github/vozbox-work-server/app/controller/asterisk_cdr.js:44:22)
    at async /Users/Rodrigo/development/github/vozbox-work-server/app/middleware/user_required.js:17:18
name: "SequelizeConnectionAcquireTimeoutError"
parent: {}
original: {}
pid: 72308
hostname: CEREBRUM.local

2024-12-04 07:42:04,419 INFO 72308 [egg-sequelize](11ms) Executed (default): SELECT `id`, `uid`, `provider`, `login_name` AS `loginName`, `username`, `password`, `token`, `avatar_url` AS `avatarUrl`, `location`, `bio`, `email`, `ip_addr` AS `ipAddr`, `role`, `created_at` AS `createdAt`, `updated_at` AS `updatedAt` FROM `users` AS `user` WHERE `user`.`token` = '1122' LIMIT 1;
2024-12-04 07:42:04,423 INFO 72308 [egg-sequelize](2ms) Executed (default): SELECT count(*) AS `count` FROM `reminders` AS `reminder` WHERE (DATE(`created_at`) <= '2024-12-31' AND DATE(`created_at`) >= '2024-01-01') AND `reminder`.`uid` = 112233;
2024-12-04 07:42:04,425 INFO 72308 [egg-sequelize](2ms) Executed (default): SELECT `id`, `uid`, `content`, `date`, `type`, `created_at` AS `createdAt`, `updated_at` AS `updatedAt` FROM `reminders` AS `reminder` WHERE (DATE(`created_at`) <= '2024-12-31' AND DATE(`created_at`) >= '2024-01-01') AND `reminder`.`uid` = 112233 ORDER BY `createdAt` DESC LIMIT 0, 50;
2024-12-04 07:42:05,692 INFO 72308 [egg-sequelize](2ms) Executed (default): SELECT `id`, `uid`, `provider`, `login_name` AS `loginName`, `username`, `password`, `token`, `avatar_url` AS `avatarUrl`, `location`, `bio`, `email`, `ip_addr` AS `ipAddr`, `role`, `created_at` AS `createdAt`, `updated_at` AS `updatedAt` FROM `users` AS `user` WHERE `user`.`token` = '1122' LIMIT 1;
2024-12-04 07:42:05,707 INFO 72308 [egg-sequelize](11ms) Executed (default): SELECT count(*) AS `count` FROM `todo_lists` AS `todo_list` WHERE `todo_list`.`status` = 1 AND `todo_list`.`uid` = 112233;
2024-12-04 07:42:05,708 INFO 72308 [egg-sequelize](12ms) Executed (default): SELECT 
      SUM(a.price) AS price,
      b.type,
      DATE(a.created_at) AS date
      from bills AS a,
      bill_types AS b
      WHERE a.type_id = b.id AND a.uid = 112233 AND DATE(a.created_at) >= '2024-12-04' AND DATE(a.created_at) <= '2024-12-04' 
      GROUP BY b.type,
      DATE(a.created_at)
      ORDER BY DATE(a.created_at);
2024-12-04 07:42:05,716 INFO 72308 [egg-sequelize](4ms) Executed (default): SELECT `id`, `uid`, `content`, `date`, `type`, `count`, `created_at` AS `createdAt`, `updated_at` AS `updatedAt` FROM `tasks` AS `task` WHERE `task`.`uid` = 112233 AND `task`.`type` IN (1, 2) ORDER BY `createdAt` DESC;
2024-12-04 07:42:05,719 INFO 72308 [egg-sequelize](12ms) Executed (default): SELECT count(*) AS `count` FROM `reminders` AS `reminder` WHERE `reminder`.`uid` = 112233 AND `reminder`.`type` = 1;
2024-12-04 07:42:05,721 INFO 72308 [egg-sequelize](4ms) Executed (default): SELECT `id`, `uid`, `content`, `status`, `created_at` AS `createdAt`, `updated_at` AS `updatedAt` FROM `todo_lists` AS `todo_list` WHERE `todo_list`.`status` = 1 AND `todo_list`.`uid` = 112233 ORDER BY `createdAt` DESC;
2024-12-04 07:42:05,722 INFO 72308 [egg-sequelize](2ms) Executed (default): SELECT `id`, `uid`, `content`, `date`, `type`, `created_at` AS `createdAt`, `updated_at` AS `updatedAt` FROM `reminders` AS `reminder` WHERE `reminder`.`uid` = 112233 AND `reminder`.`type` = 1 ORDER BY `createdAt` DESC;
2024-12-04 07:42:05,724 INFO 72308 [egg-sequelize](3ms) Executed (default): SELECT `id`, `uid`, `provider`, `login_name` AS `loginName`, `username`, `password`, `token`, `avatar_url` AS `avatarUrl`, `location`, `bio`, `email`, `ip_addr` AS `ipAddr`, `role`, `created_at` AS `createdAt`, `updated_at` AS `updatedAt` FROM `users` AS `user` WHERE `user`.`token` = '1122' LIMIT 1;
2024-12-04 07:42:05,813 INFO 72308 [egg-sequelize](7ms) Executed (default): SELECT 
      SUM(a.price) AS price,
      b.type,
      DATE(a.created_at) AS date
      from bills AS a,
      bill_types AS b
      WHERE a.type_id = b.id AND a.uid = 112233 AND DATE(a.created_at) >= '2024-11-27' AND DATE(a.created_at) <= '2024-12-04' 
      GROUP BY b.type,
      DATE(a.created_at)
      ORDER BY DATE(a.created_at);
2024-12-04 07:42:05,818 INFO 72308 [egg-sequelize](96ms) Executed (default): SELECT `id`, `uid`, `provider`, `login_name` AS `loginName`, `username`, `password`, `token`, `avatar_url` AS `avatarUrl`, `location`, `bio`, `email`, `ip_addr` AS `ipAddr`, `role`, `created_at` AS `createdAt`, `updated_at` AS `updatedAt` FROM `users` AS `user` WHERE `user`.`token` = '1122' LIMIT 1;
2024-12-04 07:42:05,825 INFO 72308 [egg-sequelize](104ms) Executed (default): SELECT `id`, `uid`, `provider`, `login_name` AS `loginName`, `username`, `password`, `token`, `avatar_url` AS `avatarUrl`, `location`, `bio`, `email`, `ip_addr` AS `ipAddr`, `role`, `created_at` AS `createdAt`, `updated_at` AS `updatedAt` FROM `users` AS `user` WHERE `user`.`token` = '1122' LIMIT 1;
2024-12-04 07:42:05,874 INFO 72308 [egg-sequelize](55ms) Executed (default): SELECT 
      SUM(f.price) as amount, t.type, t.name
      FROM bills AS f
      INNER JOIN bill_types as t
      ON f.uid = 112233 AND t.id = f.type_id
      AND DATE(f.created_at) >= '2024-11-24' AND DATE(f.created_at) <= '2024-12-01'
      GROUP BY t.type, t.name;
2024-12-04 07:42:05,878 INFO 72308 [egg-sequelize](5ms) Executed (default): SELECT count(*) AS `count` FROM `inner_messages` AS `inner_message` WHERE `inner_message`.`uid` = 112233;
2024-12-04 07:42:05,880 INFO 72308 [egg-sequelize](6ms) Executed (default): SELECT `id`, `uid`, `content`, `type`, `has_read` AS `hasRead`, `created_at` AS `createdAt`, `updated_at` AS `updatedAt` FROM `inner_messages` AS `inner_message` WHERE `inner_message`.`uid` = 112233 ORDER BY `createdAt` DESC LIMIT 0, 5;
2024-12-04 07:42:17,223 INFO 72308 [egg-sequelize](3ms) Executed (default): SELECT
      r.content, r.id, u.email, c.server_chan_sckey AS sckey
      FROM reminders AS r, users AS u, user_configures as c
      WHERE r.type = 1 AND u.email != "" AND r.uid = u.uid AND c.uid = r.uid AND r.created_at <= '2024-12-04 07:42:17'
2024-12-04 07:43:17,227 INFO 72308 [egg-sequelize](8ms) Executed (default): SELECT
      r.content, r.id, u.email, c.server_chan_sckey AS sckey
      FROM reminders AS r, users AS u, user_configures as c
      WHERE r.type = 1 AND u.email != "" AND r.uid = u.uid AND c.uid = r.uid AND r.created_at <= '2024-12-04 07:43:17'
2024-12-04 07:44:17,235 INFO 72308 [egg-sequelize](10ms) Executed (default): SELECT
      r.content, r.id, u.email, c.server_chan_sckey AS sckey
      FROM reminders AS r, users AS u, user_configures as c
      WHERE r.type = 1 AND u.email != "" AND r.uid = u.uid AND c.uid = r.uid AND r.created_at <= '2024-12-04 07:44:17'
2024-12-04 07:45:17,226 INFO 72308 [egg-sequelize](5ms) Executed (default): SELECT
      r.content, r.id, u.email, c.server_chan_sckey AS sckey
      FROM reminders AS r, users AS u, user_configures as c
      WHERE r.type = 1 AND u.email != "" AND r.uid = u.uid AND c.uid = r.uid AND r.created_at <= '2024-12-04 07:45:17'
2024-12-04 07:46:17,234 INFO 72308 [egg-sequelize](8ms) Executed (default): SELECT
      r.content, r.id, u.email, c.server_chan_sckey AS sckey
      FROM reminders AS r, users AS u, user_configures as c
      WHERE r.type = 1 AND u.email != "" AND r.uid = u.uid AND c.uid = r.uid AND r.created_at <= '2024-12-04 07:46:17'
2024-12-04 07:47:13,229 INFO 72308 [egg-sequelize](377723ms) Executed (default): SELECT count(*) AS `count` FROM `cdr` AS `cdr` WHERE `cdr`.`disposition` = 'BUSY' AND `cdr`.`accountcode` IN ('2', '2.01');
2024-12-04 07:47:13,902 INFO 72308 [egg-sequelize](378390ms) Executed (default): SELECT `calldate`, `uniqueid`, `src`, `dst`, `duration`, `disposition`, `accountcode` FROM `cdr` AS `cdr` WHERE `cdr`.`disposition` = 'BUSY' AND `cdr`.`accountcode` IN ('2', '2.01') ORDER BY `cdr`.`calldate` DESC;
2024-12-04 07:47:13,928 INFO 72308 [egg-sequelize](378417ms) Executed (default): SELECT count(*) AS `count` FROM `cdr` AS `cdr` WHERE `cdr`.`accountcode` IN ('2', '2.01');
2024-12-04 07:47:17,237 INFO 72308 [egg-sequelize](5ms) Executed (default): SELECT
      r.content, r.id, u.email, c.server_chan_sckey AS sckey
      FROM reminders AS r, users AS u, user_configures as c
      WHERE r.type = 1 AND u.email != "" AND r.uid = u.uid AND c.uid = r.uid AND r.created_at <= '2024-12-04 07:47:17'
2024-12-04 07:47:32,023 INFO 72308 [egg-sequelize](396508ms) Executed (default): SELECT count(*) AS `count` FROM `cdr` AS `cdr` WHERE `cdr`.`disposition` = 'NO ANSWER' AND `cdr`.`accountcode` IN ('2', '2.01');
2024-12-04 07:47:32,058 INFO 72308 [egg-sequelize](396550ms) Executed (default): SELECT count(*) AS `count` FROM `cdr` AS `cdr` WHERE `cdr`.`disposition` = 'ANSWERED' AND `cdr`.`accountcode` IN ('2', '2.01');
2024-12-04 07:48:17,422 INFO 72308 [egg-sequelize](50ms) Executed (default): SELECT
      r.content, r.id, u.email, c.server_chan_sckey AS sckey
      FROM reminders AS r, users AS u, user_configures as c
      WHERE r.type = 1 AND u.email != "" AND r.uid = u.uid AND c.uid = r.uid AND r.created_at <= '2024-12-04 07:48:17'
2024-12-04 07:49:17,249 INFO 72308 [egg-sequelize](3ms) Executed (default): SELECT
      r.content, r.id, u.email, c.server_chan_sckey AS sckey
      FROM reminders AS r, users AS u, user_configures as c
      WHERE r.type = 1 AND u.email != "" AND r.uid = u.uid AND c.uid = r.uid AND r.created_at <= '2024-12-04 07:49:17'
2024-12-04 07:49:44,382 INFO 72308 [egg-sequelize](8ms) Executed (default): SELECT `id`, `uid`, `provider`, `login_name` AS `loginName`, `username`, `password`, `token`, `avatar_url` AS `avatarUrl`, `location`, `bio`, `email`, `ip_addr` AS `ipAddr`, `role`, `created_at` AS `createdAt`, `updated_at` AS `updatedAt` FROM `users` AS `user` WHERE `user`.`token` = '1122' LIMIT 1;
2024-12-04 07:49:52,306 INFO 72308 [egg-sequelize](7906ms) Executed (default): SELECT count(*) AS `count` FROM `cdr` AS `cdr` WHERE (DATE(`calldate`) <= '2024-12-31' AND DATE(`calldate`) >= '2024-12-01');
2024-12-04 07:50:13,387 INFO 72308 [egg-sequelize](28987ms) Executed (default): SELECT `src`, `dst`, `disposition`, `duration` FROM `cdr` AS `cdr` WHERE (DATE(`calldate`) <= '2024-12-31' AND DATE(`calldate`) >= '2024-12-01') ORDER BY `cdr`.`calldate` DESC LIMIT 0, 50;
2024-12-04 07:50:17,255 INFO 72308 [egg-sequelize](4ms) Executed (default): SELECT
      r.content, r.id, u.email, c.server_chan_sckey AS sckey
      FROM reminders AS r, users AS u, user_configures as c
      WHERE r.type = 1 AND u.email != "" AND r.uid = u.uid AND c.uid = r.uid AND r.created_at <= '2024-12-04 07:50:17'
2024-12-04 07:51:17,277 INFO 72308 [egg-sequelize](3ms) Executed (default): SELECT
      r.content, r.id, u.email, c.server_chan_sckey AS sckey
      FROM reminders AS r, users AS u, user_configures as c
      WHERE r.type = 1 AND u.email != "" AND r.uid = u.uid AND c.uid = r.uid AND r.created_at <= '2024-12-04 07:51:17'
2024-12-04 07:51:37,742 INFO 72308 [egg-sequelize](3ms) Executed (default): SELECT `id`, `uid`, `provider`, `login_name` AS `loginName`, `username`, `password`, `token`, `avatar_url` AS `avatarUrl`, `location`, `bio`, `email`, `ip_addr` AS `ipAddr`, `role`, `created_at` AS `createdAt`, `updated_at` AS `updatedAt` FROM `users` AS `user` WHERE `user`.`token` = '1122' LIMIT 1;
2024-12-04 07:51:37,821 INFO 72308 [egg-sequelize](23ms) Executed (default): SELECT `src`, `dst`, `disposition`, `duration` FROM `cdr` AS `cdr` WHERE (DATE(`calldate`) <= '2024-12-31' AND DATE(`calldate`) >= '2021-12-31') ORDER BY `cdr`.`calldate` DESC LIMIT 0, 50;
2024-12-04 07:51:43,641 INFO 72308 [egg-sequelize](1ms) Executed (default): SELECT `id`, `uid`, `provider`, `login_name` AS `loginName`, `username`, `password`, `token`, `avatar_url` AS `avatarUrl`, `location`, `bio`, `email`, `ip_addr` AS `ipAddr`, `role`, `created_at` AS `createdAt`, `updated_at` AS `updatedAt` FROM `users` AS `user` WHERE `user`.`token` = '1122' LIMIT 1;
2024-12-04 07:51:43,659 INFO 72308 [egg-sequelize](9ms) Executed (default): SELECT `src`, `dst`, `disposition`, `duration` FROM `cdr` AS `cdr` WHERE (DATE(`calldate`) <= '2024-12-31' AND DATE(`calldate`) >= '2021-01-01') ORDER BY `cdr`.`calldate` DESC LIMIT 0, 50;
2024-12-04 07:51:43,782 INFO 72308 [egg-sequelize](5985ms) Executed (default): SELECT count(*) AS `count` FROM `cdr` AS `cdr` WHERE (DATE(`calldate`) <= '2024-12-31' AND DATE(`calldate`) >= '2021-12-31');
2024-12-04 07:51:47,185 INFO 72308 [egg-sequelize](3541ms) Executed (default): SELECT count(*) AS `count` FROM `cdr` AS `cdr` WHERE (DATE(`calldate`) <= '2024-12-31' AND DATE(`calldate`) >= '2021-01-01');
2024-12-04 07:51:51,026 INFO 72308 [egg-sequelize](1ms) Executed (default): SELECT `id`, `uid`, `provider`, `login_name` AS `loginName`, `username`, `password`, `token`, `avatar_url` AS `avatarUrl`, `location`, `bio`, `email`, `ip_addr` AS `ipAddr`, `role`, `created_at` AS `createdAt`, `updated_at` AS `updatedAt` FROM `users` AS `user` WHERE `user`.`token` = '1122' LIMIT 1;
2024-12-04 07:51:51,030 INFO 72308 [egg-sequelize](2ms) Executed (default): SELECT `src`, `dst`, `disposition`, `duration` FROM `cdr` AS `cdr` WHERE (DATE(`calldate`) <= '2024-12-31' AND DATE(`calldate`) >= '2021-01-01') ORDER BY `cdr`.`calldate` DESC LIMIT 0, 50;
2024-12-04 07:51:54,511 INFO 72308 [egg-sequelize](3483ms) Executed (default): SELECT count(*) AS `count` FROM `cdr` AS `cdr` WHERE (DATE(`calldate`) <= '2024-12-31' AND DATE(`calldate`) >= '2021-01-01');
2024-12-04 07:51:58,371 INFO 72308 [egg-sequelize](1ms) Executed (default): SELECT `id`, `uid`, `provider`, `login_name` AS `loginName`, `username`, `password`, `token`, `avatar_url` AS `avatarUrl`, `location`, `bio`, `email`, `ip_addr` AS `ipAddr`, `role`, `created_at` AS `createdAt`, `updated_at` AS `updatedAt` FROM `users` AS `user` WHERE `user`.`token` = '1122' LIMIT 1;
2024-12-04 07:52:05,824 INFO 72308 [egg-sequelize](7449ms) Executed (default): SELECT count(*) AS `count` FROM `cdr` AS `cdr` WHERE (DATE(`calldate`) <= '2024-12-31' AND DATE(`calldate`) >= '2024-01-01') AND `cdr`.`dst` LIKE '%%' AND `cdr`.`disposition` LIKE '%%' AND `cdr`.`accountcode` IN ('2', '2.01', '2.02');
2024-12-04 07:52:17,263 INFO 72308 [egg-sequelize](2ms) Executed (default): SELECT
      r.content, r.id, u.email, c.server_chan_sckey AS sckey
      FROM reminders AS r, users AS u, user_configures as c
      WHERE r.type = 1 AND u.email != "" AND r.uid = u.uid AND c.uid = r.uid AND r.created_at <= '2024-12-04 07:52:17'
2024-12-04 07:52:17,646 INFO 72308 [egg-sequelize](19271ms) Executed (default): SELECT `uniqueid`, `calldate`, `src`, `dst`, `disposition`, `accountcode` FROM `cdr` AS `cdr` WHERE (DATE(`calldate`) <= '2024-12-31' AND DATE(`calldate`) >= '2024-01-01') AND `cdr`.`dst` LIKE '%%' AND `cdr`.`disposition` LIKE '%%' AND `cdr`.`accountcode` IN ('2', '2.01', '2.02') ORDER BY `cdr`.`calldate` DESC LIMIT 0, 50;
2024-12-04 07:52:17,679 INFO 72308 [egg-sequelize](27ms) Executed (default): SELECT sum(`price`) AS `price`, `billType`.`type` AS `type` FROM `bills` AS `bill` INNER JOIN `bill_types` AS `billType` ON `bill`.`type_id` = `billType`.`id` AND `billType`.`uid` = 112233 WHERE (DATE(`bill`.`created_at`) <= '2024-12-31' AND DATE(`bill`.`created_at`) >= '2024-01-01') AND `bill`.`remark` LIKE '%undefined%' AND `bill`.`uid` = 112233 GROUP BY `billType`.`type`;
2024-12-04 07:52:17,985 INFO 72308 [egg-sequelize](1ms) Executed (default): SELECT `id`, `uid`, `provider`, `login_name` AS `loginName`, `username`, `password`, `token`, `avatar_url` AS `avatarUrl`, `location`, `bio`, `email`, `ip_addr` AS `ipAddr`, `role`, `created_at` AS `createdAt`, `updated_at` AS `updatedAt` FROM `users` AS `user` WHERE `user`.`token` = '1122' LIMIT 1;
2024-12-04 07:52:18,035 INFO 72308 [egg-sequelize](19ms) Executed (default): SELECT `uniqueid`, `calldate`, `src`, `dst`, `disposition`, `accountcode` FROM `cdr` AS `cdr` WHERE (DATE(`calldate`) <= '2024-12-31' AND DATE(`calldate`) >= '2020-01-01') AND `cdr`.`dst` LIKE '%%' AND `cdr`.`disposition` LIKE '%%' AND `cdr`.`accountcode` IN ('2', '2.01', '2.02') ORDER BY `cdr`.`calldate` DESC LIMIT 0, 50;
2024-12-04 07:52:23,847 INFO 72308 [egg-sequelize](5860ms) Executed (default): SELECT count(*) AS `count` FROM `cdr` AS `cdr` WHERE (DATE(`calldate`) <= '2024-12-31' AND DATE(`calldate`) >= '2020-01-01') AND `cdr`.`dst` LIKE '%%' AND `cdr`.`disposition` LIKE '%%' AND `cdr`.`accountcode` IN ('2', '2.01', '2.02');
2024-12-04 07:52:23,850 INFO 72308 [egg-sequelize](1ms) Executed (default): SELECT sum(`price`) AS `price`, `billType`.`type` AS `type` FROM `bills` AS `bill` INNER JOIN `bill_types` AS `billType` ON `bill`.`type_id` = `billType`.`id` AND `billType`.`uid` = 112233 WHERE (DATE(`bill`.`created_at`) <= '2024-12-31' AND DATE(`bill`.`created_at`) >= '2020-01-01') AND `bill`.`remark` LIKE '%undefined%' AND `bill`.`uid` = 112233 GROUP BY `billType`.`type`;
2024-12-04 07:52:45,142 INFO 72308 [egg-sequelize](2ms) Executed (default): SELECT `id`, `uid`, `provider`, `login_name` AS `loginName`, `username`, `password`, `token`, `avatar_url` AS `avatarUrl`, `location`, `bio`, `email`, `ip_addr` AS `ipAddr`, `role`, `created_at` AS `createdAt`, `updated_at` AS `updatedAt` FROM `users` AS `user` WHERE `user`.`token` = '1122' LIMIT 1;
2024-12-04 07:52:45,177 INFO 72308 [egg-sequelize](25ms) Executed (default): SELECT `uniqueid`, `calldate`, `src`, `dst`, `disposition`, `accountcode` FROM `cdr` AS `cdr` WHERE (DATE(`calldate`) <= '2024-12-31' AND DATE(`calldate`) >= '2020-01-01') AND `cdr`.`dst` LIKE '%%' AND `cdr`.`disposition` LIKE '%ANSWERED%' AND `cdr`.`accountcode` IN ('2', '2.01', '2.02') ORDER BY `cdr`.`calldate` DESC LIMIT 0, 50;
2024-12-04 07:52:51,487 INFO 72308 [egg-sequelize](6337ms) Executed (default): SELECT count(*) AS `count` FROM `cdr` AS `cdr` WHERE (DATE(`calldate`) <= '2024-12-31' AND DATE(`calldate`) >= '2020-01-01') AND `cdr`.`dst` LIKE '%%' AND `cdr`.`disposition` LIKE '%ANSWERED%' AND `cdr`.`accountcode` IN ('2', '2.01', '2.02');
2024-12-04 07:52:51,492 INFO 72308 [egg-sequelize](2ms) Executed (default): SELECT sum(`price`) AS `price`, `billType`.`type` AS `type` FROM `bills` AS `bill` INNER JOIN `bill_types` AS `billType` ON `bill`.`type_id` = `billType`.`id` AND `billType`.`uid` = 112233 WHERE (DATE(`bill`.`created_at`) <= '2024-12-31' AND DATE(`bill`.`created_at`) >= '2020-01-01') AND `bill`.`remark` LIKE '%undefined%' AND `bill`.`uid` = 112233 GROUP BY `billType`.`type`;
2024-12-04 07:52:59,818 INFO 72308 [egg-sequelize](1ms) Executed (default): SELECT `id`, `uid`, `provider`, `login_name` AS `loginName`, `username`, `password`, `token`, `avatar_url` AS `avatarUrl`, `location`, `bio`, `email`, `ip_addr` AS `ipAddr`, `role`, `created_at` AS `createdAt`, `updated_at` AS `updatedAt` FROM `users` AS `user` WHERE `user`.`token` = '1122' LIMIT 1;
2024-12-04 07:53:00,011 INFO 72308 [egg-sequelize](139ms) Executed (default): SELECT `uniqueid`, `calldate`, `src`, `dst`, `disposition`, `accountcode` FROM `cdr` AS `cdr` WHERE (DATE(`calldate`) <= '2024-12-31' AND DATE(`calldate`) >= '2020-01-01') AND `cdr`.`dst` LIKE '%%' AND `cdr`.`disposition` LIKE '%%' AND `cdr`.`accountcode` IN ('2', '2.01', '2.02') ORDER BY `cdr`.`calldate` DESC LIMIT 0, 50;
2024-12-04 07:53:06,257 INFO 72308 [egg-sequelize](6436ms) Executed (default): SELECT count(*) AS `count` FROM `cdr` AS `cdr` WHERE (DATE(`calldate`) <= '2024-12-31' AND DATE(`calldate`) >= '2020-01-01') AND `cdr`.`dst` LIKE '%%' AND `cdr`.`disposition` LIKE '%%' AND `cdr`.`accountcode` IN ('2', '2.01', '2.02');
2024-12-04 07:53:06,261 INFO 72308 [egg-sequelize](1ms) Executed (default): SELECT sum(`price`) AS `price`, `billType`.`type` AS `type` FROM `bills` AS `bill` INNER JOIN `bill_types` AS `billType` ON `bill`.`type_id` = `billType`.`id` AND `billType`.`uid` = 112233 WHERE (DATE(`bill`.`created_at`) <= '2024-12-31' AND DATE(`bill`.`created_at`) >= '2020-01-01') AND `bill`.`remark` LIKE '%undefined%' AND `bill`.`uid` = 112233 GROUP BY `billType`.`type`;
2024-12-04 07:53:12,976 INFO 72308 [egg-sequelize](4ms) Executed (default): SELECT `id`, `uid`, `provider`, `login_name` AS `loginName`, `username`, `password`, `token`, `avatar_url` AS `avatarUrl`, `location`, `bio`, `email`, `ip_addr` AS `ipAddr`, `role`, `created_at` AS `createdAt`, `updated_at` AS `updatedAt` FROM `users` AS `user` WHERE `user`.`token` = '1122' LIMIT 1;
2024-12-04 07:53:12,988 INFO 72308 [egg-sequelize](5ms) Executed (default): SELECT `uniqueid`, `calldate`, `src`, `dst`, `disposition`, `accountcode` FROM `cdr` AS `cdr` WHERE (DATE(`calldate`) <= '2024-12-31' AND DATE(`calldate`) >= '2020-01-01') AND `cdr`.`dst` LIKE '%%' AND `cdr`.`disposition` LIKE '%%' AND `cdr`.`accountcode` IN ('2.01') ORDER BY `cdr`.`calldate` DESC LIMIT 0, 50;
2024-12-04 07:53:17,256 INFO 72308 [egg-sequelize](1ms) Executed (default): SELECT
      r.content, r.id, u.email, c.server_chan_sckey AS sckey
      FROM reminders AS r, users AS u, user_configures as c
      WHERE r.type = 1 AND u.email != "" AND r.uid = u.uid AND c.uid = r.uid AND r.created_at <= '2024-12-04 07:53:17'
2024-12-04 07:53:35,101 INFO 72308 [egg-sequelize](22123ms) Executed (default): SELECT count(*) AS `count` FROM `cdr` AS `cdr` WHERE (DATE(`calldate`) <= '2024-12-31' AND DATE(`calldate`) >= '2020-01-01') AND `cdr`.`dst` LIKE '%%' AND `cdr`.`disposition` LIKE '%%' AND `cdr`.`accountcode` IN ('2.01');
2024-12-04 07:53:35,115 INFO 72308 [egg-sequelize](10ms) Executed (default): SELECT sum(`price`) AS `price`, `billType`.`type` AS `type` FROM `bills` AS `bill` INNER JOIN `bill_types` AS `billType` ON `bill`.`type_id` = `billType`.`id` AND `billType`.`uid` = 112233 WHERE (DATE(`bill`.`created_at`) <= '2024-12-31' AND DATE(`bill`.`created_at`) >= '2020-01-01') AND `bill`.`remark` LIKE '%undefined%' AND `bill`.`uid` = 112233 GROUP BY `billType`.`type`;
2024-12-04 07:53:52,659 INFO 72308 [egg-sequelize](2ms) Executed (default): SELECT `id`, `uid`, `provider`, `login_name` AS `loginName`, `username`, `password`, `token`, `avatar_url` AS `avatarUrl`, `location`, `bio`, `email`, `ip_addr` AS `ipAddr`, `role`, `created_at` AS `createdAt`, `updated_at` AS `updatedAt` FROM `users` AS `user` WHERE `user`.`token` = '1122' LIMIT 1;
2024-12-04 07:53:52,685 INFO 72308 [egg-sequelize](18ms) Executed (default): SELECT `uniqueid`, `calldate`, `src`, `dst`, `disposition`, `accountcode` FROM `cdr` AS `cdr` WHERE (DATE(`calldate`) <= '2024-12-31' AND DATE(`calldate`) >= '2020-01-01') AND `cdr`.`dst` LIKE '%%' AND `cdr`.`disposition` LIKE '%%' AND `cdr`.`accountcode` IN ('2.01') ORDER BY `cdr`.`calldate` DESC LIMIT 200, 50;
2024-12-04 07:54:17,267 INFO 72308 [egg-sequelize](2ms) Executed (default): SELECT
      r.content, r.id, u.email, c.server_chan_sckey AS sckey
      FROM reminders AS r, users AS u, user_configures as c
      WHERE r.type = 1 AND u.email != "" AND r.uid = u.uid AND c.uid = r.uid AND r.created_at <= '2024-12-04 07:54:17'
2024-12-04 07:54:19,261 INFO 72308 [egg-sequelize](1ms) Executed (default): SELECT `id`, `uid`, `provider`, `login_name` AS `loginName`, `username`, `password`, `token`, `avatar_url` AS `avatarUrl`, `location`, `bio`, `email`, `ip_addr` AS `ipAddr`, `role`, `created_at` AS `createdAt`, `updated_at` AS `updatedAt` FROM `users` AS `user` WHERE `user`.`token` = '1122' LIMIT 1;
2024-12-04 07:54:19,555 INFO 72308 [egg-sequelize](26888ms) Executed (default): SELECT count(*) AS `count` FROM `cdr` AS `cdr` WHERE (DATE(`calldate`) <= '2024-12-31' AND DATE(`calldate`) >= '2020-01-01') AND `cdr`.`dst` LIKE '%%' AND `cdr`.`disposition` LIKE '%%' AND `cdr`.`accountcode` IN ('2.01');
2024-12-04 07:54:19,561 INFO 72308 [egg-sequelize](2ms) Executed (default): SELECT sum(`price`) AS `price`, `billType`.`type` AS `type` FROM `bills` AS `bill` INNER JOIN `bill_types` AS `billType` ON `bill`.`type_id` = `billType`.`id` AND `billType`.`uid` = 112233 WHERE (DATE(`bill`.`created_at`) <= '2024-12-31' AND DATE(`bill`.`created_at`) >= '2020-01-01') AND `bill`.`remark` LIKE '%undefined%' AND `bill`.`uid` = 112233 GROUP BY `billType`.`type`;
2024-12-04 07:54:23,220 INFO 72308 [egg-sequelize](1ms) Executed (default): SELECT `id`, `uid`, `provider`, `login_name` AS `loginName`, `username`, `password`, `token`, `avatar_url` AS `avatarUrl`, `location`, `bio`, `email`, `ip_addr` AS `ipAddr`, `role`, `created_at` AS `createdAt`, `updated_at` AS `updatedAt` FROM `users` AS `user` WHERE `user`.`token` = '1122' LIMIT 1;
2024-12-04 07:54:32,966 INFO 72308 [egg-sequelize](11ms) Executed (default): SELECT `id`, `uid`, `provider`, `login_name` AS `loginName`, `username`, `password`, `token`, `avatar_url` AS `avatarUrl`, `location`, `bio`, `email`, `ip_addr` AS `ipAddr`, `role`, `created_at` AS `createdAt`, `updated_at` AS `updatedAt` FROM `users` AS `user` WHERE `user`.`token` = '1122' LIMIT 1;
2024-12-04 07:54:50,658 INFO 72308 [egg-sequelize](17675ms) Executed (default): SELECT count(*) AS `count` FROM `cdr` AS `cdr` WHERE (DATE(`calldate`) <= '2022-01-01' AND DATE(`calldate`) >= '2020-01-01') AND `cdr`.`dst` LIKE '%%' AND `cdr`.`disposition` LIKE '%%' AND `cdr`.`accountcode` IN ('2', '2.01', '2.02');
2024-12-04 07:55:17,270 INFO 72308 [egg-sequelize](8ms) Executed (default): SELECT
      r.content, r.id, u.email, c.server_chan_sckey AS sckey
      FROM reminders AS r, users AS u, user_configures as c
      WHERE r.type = 1 AND u.email != "" AND r.uid = u.uid AND c.uid = r.uid AND r.created_at <= '2024-12-04 07:55:17'
2024-12-04 07:55:29,766 INFO 72308 [egg-sequelize](70488ms) Executed (default): SELECT count(*) AS `count` FROM `cdr` AS `cdr` WHERE (DATE(`calldate`) <= '2022-01-01' AND DATE(`calldate`) >= '2020-01-01') AND `cdr`.`dst` LIKE '%%' AND `cdr`.`disposition` LIKE '%%' AND `cdr`.`accountcode` IN ('2.01');
2024-12-04 07:55:37,413 INFO 72308 [egg-sequelize](74191ms) Executed (default): SELECT count(*) AS `count` FROM `cdr` AS `cdr` WHERE (DATE(`calldate`) <= '2022-01-01' AND DATE(`calldate`) >= '2020-01-01') AND `cdr`.`dst` LIKE '%%' AND `cdr`.`disposition` LIKE '%%' AND `cdr`.`accountcode` IN ('2.01');
2024-12-04 07:55:40,711 INFO 72308 [egg-sequelize](81433ms) Executed (default): SELECT `uniqueid`, `calldate`, `src`, `dst`, `disposition`, `accountcode` FROM `cdr` AS `cdr` WHERE (DATE(`calldate`) <= '2022-01-01' AND DATE(`calldate`) >= '2020-01-01') AND `cdr`.`dst` LIKE '%%' AND `cdr`.`disposition` LIKE '%%' AND `cdr`.`accountcode` IN ('2.01') ORDER BY `cdr`.`calldate` DESC LIMIT 200, 50;
2024-12-04 07:55:40,734 INFO 72308 [egg-sequelize](10ms) Executed (default): SELECT sum(`price`) AS `price`, `billType`.`type` AS `type` FROM `bills` AS `bill` INNER JOIN `bill_types` AS `billType` ON `bill`.`type_id` = `billType`.`id` AND `billType`.`uid` = 112233 WHERE (DATE(`bill`.`created_at`) <= '2022-01-01' AND DATE(`bill`.`created_at`) >= '2020-01-01') AND `bill`.`remark` LIKE '%undefined%' AND `bill`.`uid` = 112233 GROUP BY `billType`.`type`;
2024-12-04 07:55:41,540 INFO 72308 [egg-sequelize](78286ms) Executed (default): SELECT `uniqueid`, `calldate`, `src`, `dst`, `disposition`, `accountcode` FROM `cdr` AS `cdr` WHERE (DATE(`calldate`) <= '2022-01-01' AND DATE(`calldate`) >= '2020-01-01') AND `cdr`.`dst` LIKE '%%' AND `cdr`.`disposition` LIKE '%%' AND `cdr`.`accountcode` IN ('2.01') ORDER BY `cdr`.`calldate` DESC LIMIT 200, 50;
2024-12-04 07:55:41,543 INFO 72308 [egg-sequelize](2ms) Executed (default): SELECT sum(`price`) AS `price`, `billType`.`type` AS `type` FROM `bills` AS `bill` INNER JOIN `bill_types` AS `billType` ON `bill`.`type_id` = `billType`.`id` AND `billType`.`uid` = 112233 WHERE (DATE(`bill`.`created_at`) <= '2022-01-01' AND DATE(`bill`.`created_at`) >= '2020-01-01') AND `bill`.`remark` LIKE '%undefined%' AND `bill`.`uid` = 112233 GROUP BY `billType`.`type`;
2024-12-04 07:55:42,960 INFO 72308 [egg-sequelize](4ms) Executed (default): SELECT `id`, `uid`, `provider`, `login_name` AS `loginName`, `username`, `password`, `token`, `avatar_url` AS `avatarUrl`, `location`, `bio`, `email`, `ip_addr` AS `ipAddr`, `role`, `created_at` AS `createdAt`, `updated_at` AS `updatedAt` FROM `users` AS `user` WHERE `user`.`token` = '1122' LIMIT 1;
2024-12-04 07:55:51,796 INFO 72308 [egg-sequelize](8835ms) Executed (default): SELECT count(*) AS `count` FROM `cdr` AS `cdr` WHERE (DATE(`calldate`) <= '2022-01-01' AND DATE(`calldate`) >= '2020-01-01') AND `cdr`.`dst` LIKE '%%' AND `cdr`.`disposition` LIKE '%%' AND `cdr`.`accountcode` IN ('2', '2.01', '2.02');
2024-12-04 07:55:53,880 INFO 72308 [egg-sequelize](63221ms) Executed (default): SELECT `uniqueid`, `calldate`, `src`, `dst`, `disposition`, `accountcode` FROM `cdr` AS `cdr` WHERE (DATE(`calldate`) <= '2022-01-01' AND DATE(`calldate`) >= '2020-01-01') AND `cdr`.`dst` LIKE '%%' AND `cdr`.`disposition` LIKE '%%' AND `cdr`.`accountcode` IN ('2', '2.01', '2.02') ORDER BY `cdr`.`calldate` DESC LIMIT 200, 50;
2024-12-04 07:55:53,890 INFO 72308 [egg-sequelize](4ms) Executed (default): SELECT sum(`price`) AS `price`, `billType`.`type` AS `type` FROM `bills` AS `bill` INNER JOIN `bill_types` AS `billType` ON `bill`.`type_id` = `billType`.`id` AND `billType`.`uid` = 112233 WHERE (DATE(`bill`.`created_at`) <= '2022-01-01' AND DATE(`bill`.`created_at`) >= '2020-01-01') AND `bill`.`remark` LIKE '%undefined%' AND `bill`.`uid` = 112233 GROUP BY `billType`.`type`;
2024-12-04 07:56:12,928 INFO 72308 [egg-sequelize](29967ms) Executed (default): SELECT `uniqueid`, `calldate`, `src`, `dst`, `disposition`, `accountcode` FROM `cdr` AS `cdr` WHERE (DATE(`calldate`) <= '2022-01-01' AND DATE(`calldate`) >= '2020-01-01') AND `cdr`.`dst` LIKE '%%' AND `cdr`.`disposition` LIKE '%%' AND `cdr`.`accountcode` IN ('2', '2.01', '2.02') ORDER BY `cdr`.`calldate` DESC LIMIT 200, 50;
2024-12-04 07:56:12,958 INFO 72308 [egg-sequelize](26ms) Executed (default): SELECT sum(`price`) AS `price`, `billType`.`type` AS `type` FROM `bills` AS `bill` INNER JOIN `bill_types` AS `billType` ON `bill`.`type_id` = `billType`.`id` AND `billType`.`uid` = 112233 WHERE (DATE(`bill`.`created_at`) <= '2022-01-01' AND DATE(`bill`.`created_at`) >= '2020-01-01') AND `bill`.`remark` LIKE '%undefined%' AND `bill`.`uid` = 112233 GROUP BY `billType`.`type`;
2024-12-04 07:56:17,277 INFO 72308 [egg-sequelize](16ms) Executed (default): SELECT
      r.content, r.id, u.email, c.server_chan_sckey AS sckey
      FROM reminders AS r, users AS u, user_configures as c
      WHERE r.type = 1 AND u.email != "" AND r.uid = u.uid AND c.uid = r.uid AND r.created_at <= '2024-12-04 07:56:17'
2024-12-04 07:57:08,606 INFO 72308 [egg-sequelize](3ms) Executed (default): SELECT `id`, `uid`, `provider`, `login_name` AS `loginName`, `username`, `password`, `token`, `avatar_url` AS `avatarUrl`, `location`, `bio`, `email`, `ip_addr` AS `ipAddr`, `role`, `created_at` AS `createdAt`, `updated_at` AS `updatedAt` FROM `users` AS `user` WHERE `user`.`token` = '1122' LIMIT 1;
2024-12-04 07:57:11,655 INFO 72308 [egg-sequelize](3033ms) Executed (default): SELECT count(*) AS `count` FROM `cdr` AS `cdr` WHERE `cdr`.`disposition` = 'BUSY' AND `cdr`.`accountcode` IN ('2', '2.01');
2024-12-04 07:57:11,989 INFO 72308 [egg-sequelize](3359ms) Executed (default): SELECT `calldate`, `uniqueid`, `src`, `dst`, `duration`, `disposition`, `accountcode` FROM `cdr` AS `cdr` WHERE `cdr`.`disposition` = 'BUSY' AND `cdr`.`accountcode` IN ('2', '2.01') ORDER BY `cdr`.`calldate` DESC;
2024-12-04 07:57:16,339 INFO 72308 [egg-sequelize](7714ms) Executed (default): SELECT count(*) AS `count` FROM `cdr` AS `cdr` WHERE `cdr`.`accountcode` IN ('2', '2.01');
2024-12-04 07:57:17,268 INFO 72308 [egg-sequelize](6ms) Executed (default): SELECT
      r.content, r.id, u.email, c.server_chan_sckey AS sckey
      FROM reminders AS r, users AS u, user_configures as c
      WHERE r.type = 1 AND u.email != "" AND r.uid = u.uid AND c.uid = r.uid AND r.created_at <= '2024-12-04 07:57:17'
2024-12-04 07:57:37,406 INFO 72308 [egg-sequelize](28782ms) Executed (default): SELECT count(*) AS `count` FROM `cdr` AS `cdr` WHERE `cdr`.`disposition` = 'ANSWERED' AND `cdr`.`accountcode` IN ('2', '2.01');
2024-12-04 07:57:37,410 INFO 72308 [egg-sequelize](28788ms) Executed (default): SELECT count(*) AS `count` FROM `cdr` AS `cdr` WHERE `cdr`.`disposition` = 'NO ANSWER' AND `cdr`.`accountcode` IN ('2', '2.01');
2024-12-04 07:57:47,620 INFO 72308 [egg-sequelize](35599ms) Executed (default): SELECT `calldate`, `uniqueid`, `src`, `dst`, `duration`, `disposition`, `accountcode` FROM `cdr` AS `cdr` WHERE `cdr`.`disposition` = 'ANSWERED' AND `cdr`.`accountcode` IN ('2', '2.01') ORDER BY `cdr`.`calldate` DESC;
2024-12-04 08:02:01,859 INFO 73692 [egg-sequelize](2ms) Executed (default): SELECT 1+1 AS result
2024-12-04 08:02:01,862 INFO 73692 [egg-sequelize](1ms) Executed (default): SELECT 1+1 AS result
2024-12-04 08:02:01,902 INFO 73692 [egg-sequelize](36ms) Executed (default): SELECT TABLE_NAME FROM INFORMATION_SCHEMA.TABLES WHERE TABLE_TYPE = 'BASE TABLE' AND TABLE_NAME = 'bill_types' AND TABLE_SCHEMA = 'tomato_work'
2024-12-04 08:02:01,923 INFO 73692 [egg-sequelize](19ms) Executed (default): SHOW INDEX FROM `bill_types` FROM `tomato_work`
2024-12-04 08:02:01,927 INFO 73692 [egg-sequelize](3ms) Executed (default): SELECT TABLE_NAME FROM INFORMATION_SCHEMA.TABLES WHERE TABLE_TYPE = 'BASE TABLE' AND TABLE_NAME = 'bills' AND TABLE_SCHEMA = 'tomato_work'
2024-12-04 08:02:01,940 INFO 73692 [egg-sequelize](11ms) Executed (default): SHOW INDEX FROM `bills` FROM `tomato_work`
2024-12-04 08:02:01,944 INFO 73692 [egg-sequelize](3ms) Executed (default): SELECT TABLE_NAME FROM INFORMATION_SCHEMA.TABLES WHERE TABLE_TYPE = 'BASE TABLE' AND TABLE_NAME = 'company' AND TABLE_SCHEMA = 'tomato_work'
2024-12-04 08:02:01,960 INFO 73692 [egg-sequelize](12ms) Executed (default): SHOW INDEX FROM `company` FROM `tomato_work`
2024-12-04 08:02:01,964 INFO 73692 [egg-sequelize](1ms) Executed (default): SELECT TABLE_NAME FROM INFORMATION_SCHEMA.TABLES WHERE TABLE_TYPE = 'BASE TABLE' AND TABLE_NAME = 'inner_messages' AND TABLE_SCHEMA = 'tomato_work'
2024-12-04 08:02:01,971 INFO 73692 [egg-sequelize](6ms) Executed (default): SHOW INDEX FROM `inner_messages` FROM `tomato_work`
2024-12-04 08:02:01,974 INFO 73692 [egg-sequelize](2ms) Executed (default): SELECT TABLE_NAME FROM INFORMATION_SCHEMA.TABLES WHERE TABLE_TYPE = 'BASE TABLE' AND TABLE_NAME = 'logs' AND TABLE_SCHEMA = 'tomato_work'
2024-12-04 08:02:01,983 INFO 73692 [egg-sequelize](8ms) Executed (default): SHOW INDEX FROM `logs` FROM `tomato_work`
2024-12-04 08:02:01,985 INFO 73692 [egg-sequelize](1ms) Executed (default): SELECT TABLE_NAME FROM INFORMATION_SCHEMA.TABLES WHERE TABLE_TYPE = 'BASE TABLE' AND TABLE_NAME = 'memorandums' AND TABLE_SCHEMA = 'tomato_work'
2024-12-04 08:02:01,992 INFO 73692 [egg-sequelize](6ms) Executed (default): SHOW INDEX FROM `memorandums` FROM `tomato_work`
2024-12-04 08:02:01,994 INFO 73692 [egg-sequelize](1ms) Executed (default): SELECT TABLE_NAME FROM INFORMATION_SCHEMA.TABLES WHERE TABLE_TYPE = 'BASE TABLE' AND TABLE_NAME = 'reminders' AND TABLE_SCHEMA = 'tomato_work'
2024-12-04 08:02:02,000 INFO 73692 [egg-sequelize](5ms) Executed (default): SHOW INDEX FROM `reminders` FROM `tomato_work`
2024-12-04 08:02:02,002 INFO 73692 [egg-sequelize](1ms) Executed (default): SELECT TABLE_NAME FROM INFORMATION_SCHEMA.TABLES WHERE TABLE_TYPE = 'BASE TABLE' AND TABLE_NAME = 'tasks' AND TABLE_SCHEMA = 'tomato_work'
2024-12-04 08:02:02,015 INFO 73692 [egg-sequelize](11ms) Executed (default): SHOW INDEX FROM `tasks` FROM `tomato_work`
2024-12-04 08:02:02,017 INFO 73692 [egg-sequelize](2ms) Executed (default): SELECT TABLE_NAME FROM INFORMATION_SCHEMA.TABLES WHERE TABLE_TYPE = 'BASE TABLE' AND TABLE_NAME = 'todo_lists' AND TABLE_SCHEMA = 'tomato_work'
2024-12-04 08:02:02,023 INFO 73692 [egg-sequelize](6ms) Executed (default): SHOW INDEX FROM `todo_lists` FROM `tomato_work`
2024-12-04 08:02:02,026 INFO 73692 [egg-sequelize](2ms) Executed (default): SELECT TABLE_NAME FROM INFORMATION_SCHEMA.TABLES WHERE TABLE_TYPE = 'BASE TABLE' AND TABLE_NAME = 'users' AND TABLE_SCHEMA = 'tomato_work'
2024-12-04 08:02:02,031 INFO 73692 [egg-sequelize](4ms) Executed (default): SHOW INDEX FROM `users` FROM `tomato_work`
2024-12-04 08:02:02,033 INFO 73692 [egg-sequelize](1ms) Executed (default): SELECT TABLE_NAME FROM INFORMATION_SCHEMA.TABLES WHERE TABLE_TYPE = 'BASE TABLE' AND TABLE_NAME = 'user_configures' AND TABLE_SCHEMA = 'tomato_work'
2024-12-04 08:02:02,046 INFO 73692 [egg-sequelize](12ms) Executed (default): SHOW INDEX FROM `user_configures` FROM `tomato_work`
2024-12-04 08:02:02,046 INFO 73692 Sync Tables...
2024-12-04 08:02:02,077 INFO 73692 [egg-sequelize](7ms) Executed (default): SELECT
      r.content, r.id, u.email, c.server_chan_sckey AS sckey
      FROM reminders AS r, users AS u, user_configures as c
      WHERE r.type = 1 AND u.email != "" AND r.uid = u.uid AND c.uid = r.uid AND r.created_at <= '2024-12-04 08:02:02'
2024-12-04 08:02:08,305 INFO 73692 [egg-sequelize](8ms) Executed (default): SELECT `id`, `uid`, `provider`, `login_name` AS `loginName`, `username`, `password`, `token`, `avatar_url` AS `avatarUrl`, `location`, `bio`, `email`, `ip_addr` AS `ipAddr`, `role`, `created_at` AS `createdAt`, `updated_at` AS `updatedAt` FROM `users` AS `user` WHERE `user`.`token` = '1122' LIMIT 1;
2024-12-04 08:02:08,332 INFO 73692 [egg-sequelize](2ms) Executed (default): SELECT count(*) AS `count` FROM `reminders` AS `reminder` WHERE (DATE(`created_at`) <= '2024-12-31' AND DATE(`created_at`) >= '2024-01-01') AND `reminder`.`uid` = 112233;
2024-12-04 08:02:08,336 INFO 73692 [egg-sequelize](3ms) Executed (default): SELECT `id`, `uid`, `content`, `date`, `type`, `created_at` AS `createdAt`, `updated_at` AS `updatedAt` FROM `reminders` AS `reminder` WHERE (DATE(`created_at`) <= '2024-12-31' AND DATE(`created_at`) >= '2024-01-01') AND `reminder`.`uid` = 112233 ORDER BY `createdAt` DESC LIMIT 0, 50;
2024-12-04 08:02:12,058 INFO 73692 [egg-sequelize](1ms) Executed (default): SELECT `id`, `uid`, `provider`, `login_name` AS `loginName`, `username`, `password`, `token`, `avatar_url` AS `avatarUrl`, `location`, `bio`, `email`, `ip_addr` AS `ipAddr`, `role`, `created_at` AS `createdAt`, `updated_at` AS `updatedAt` FROM `users` AS `user` WHERE `user`.`token` = '1122' LIMIT 1;
2024-12-04 08:02:20,680 INFO 73692 [egg-sequelize](8532ms) Executed (default): SELECT count(*) AS `count` FROM `cdr` AS `cdr` WHERE (DATE(`calldate`) <= '2024-12-31' AND DATE(`calldate`) >= '2024-01-01') AND `cdr`.`dst` LIKE '%%' AND `cdr`.`disposition` LIKE '%%' AND `cdr`.`accountcode` IN ('2', '2.01', '2.02');
2024-12-04 08:02:47,514 INFO 73692 [egg-sequelize](35365ms) Executed (default): SELECT `uniqueid`, `calldate`, `src`, `dst`, `disposition`, `accountcode` FROM `cdr` AS `cdr` WHERE (DATE(`calldate`) <= '2024-12-31' AND DATE(`calldate`) >= '2024-01-01') AND `cdr`.`dst` LIKE '%%' AND `cdr`.`disposition` LIKE '%%' AND `cdr`.`accountcode` IN ('2', '2.01', '2.02') ORDER BY `cdr`.`calldate` DESC LIMIT 0, 50;
2024-12-04 08:02:47,537 INFO 73692 [egg-sequelize](13ms) Executed (default): SELECT sum(`price`) AS `price`, `billType`.`type` AS `type` FROM `bills` AS `bill` INNER JOIN `bill_types` AS `billType` ON `bill`.`type_id` = `billType`.`id` AND `billType`.`uid` = 112233 WHERE (DATE(`bill`.`created_at`) <= '2024-12-31' AND DATE(`bill`.`created_at`) >= '2024-01-01') AND `bill`.`remark` LIKE '%undefined%' AND `bill`.`uid` = 112233 GROUP BY `billType`.`type`;
2024-12-04 08:03:02,087 INFO 73692 [egg-sequelize](8ms) Executed (default): SELECT
      r.content, r.id, u.email, c.server_chan_sckey AS sckey
      FROM reminders AS r, users AS u, user_configures as c
      WHERE r.type = 1 AND u.email != "" AND r.uid = u.uid AND c.uid = r.uid AND r.created_at <= '2024-12-04 08:03:02'
2024-12-04 08:04:02,085 INFO 73692 [egg-sequelize](3ms) Executed (default): SELECT
      r.content, r.id, u.email, c.server_chan_sckey AS sckey
      FROM reminders AS r, users AS u, user_configures as c
      WHERE r.type = 1 AND u.email != "" AND r.uid = u.uid AND c.uid = r.uid AND r.created_at <= '2024-12-04 08:04:02'
2024-12-04 08:05:02,083 INFO 73692 [egg-sequelize](2ms) Executed (default): SELECT
      r.content, r.id, u.email, c.server_chan_sckey AS sckey
      FROM reminders AS r, users AS u, user_configures as c
      WHERE r.type = 1 AND u.email != "" AND r.uid = u.uid AND c.uid = r.uid AND r.created_at <= '2024-12-04 08:05:02'
2024-12-04 08:06:02,088 INFO 73692 [egg-sequelize](2ms) Executed (default): SELECT
      r.content, r.id, u.email, c.server_chan_sckey AS sckey
      FROM reminders AS r, users AS u, user_configures as c
      WHERE r.type = 1 AND u.email != "" AND r.uid = u.uid AND c.uid = r.uid AND r.created_at <= '2024-12-04 08:06:02'
2024-12-04 08:07:02,085 INFO 73692 [egg-sequelize](2ms) Executed (default): SELECT
      r.content, r.id, u.email, c.server_chan_sckey AS sckey
      FROM reminders AS r, users AS u, user_configures as c
      WHERE r.type = 1 AND u.email != "" AND r.uid = u.uid AND c.uid = r.uid AND r.created_at <= '2024-12-04 08:07:02'
2024-12-04 08:08:02,086 INFO 73692 [egg-sequelize](1ms) Executed (default): SELECT
      r.content, r.id, u.email, c.server_chan_sckey AS sckey
      FROM reminders AS r, users AS u, user_configures as c
      WHERE r.type = 1 AND u.email != "" AND r.uid = u.uid AND c.uid = r.uid AND r.created_at <= '2024-12-04 08:08:02'
2024-12-04 08:09:02,091 INFO 73692 [egg-sequelize](2ms) Executed (default): SELECT
      r.content, r.id, u.email, c.server_chan_sckey AS sckey
      FROM reminders AS r, users AS u, user_configures as c
      WHERE r.type = 1 AND u.email != "" AND r.uid = u.uid AND c.uid = r.uid AND r.created_at <= '2024-12-04 08:09:02'
2024-12-04 08:10:02,097 INFO 73692 [egg-sequelize](1ms) Executed (default): SELECT
      r.content, r.id, u.email, c.server_chan_sckey AS sckey
      FROM reminders AS r, users AS u, user_configures as c
      WHERE r.type = 1 AND u.email != "" AND r.uid = u.uid AND c.uid = r.uid AND r.created_at <= '2024-12-04 08:10:02'
2024-12-04 08:11:02,100 INFO 73692 [egg-sequelize](4ms) Executed (default): SELECT
      r.content, r.id, u.email, c.server_chan_sckey AS sckey
      FROM reminders AS r, users AS u, user_configures as c
      WHERE r.type = 1 AND u.email != "" AND r.uid = u.uid AND c.uid = r.uid AND r.created_at <= '2024-12-04 08:11:02'
2024-12-04 08:12:02,094 INFO 73692 [egg-sequelize](2ms) Executed (default): SELECT
      r.content, r.id, u.email, c.server_chan_sckey AS sckey
      FROM reminders AS r, users AS u, user_configures as c
      WHERE r.type = 1 AND u.email != "" AND r.uid = u.uid AND c.uid = r.uid AND r.created_at <= '2024-12-04 08:12:02'
2024-12-04 08:13:02,099 INFO 73692 [egg-sequelize](2ms) Executed (default): SELECT
      r.content, r.id, u.email, c.server_chan_sckey AS sckey
      FROM reminders AS r, users AS u, user_configures as c
      WHERE r.type = 1 AND u.email != "" AND r.uid = u.uid AND c.uid = r.uid AND r.created_at <= '2024-12-04 08:13:02'
2024-12-04 08:14:02,100 INFO 73692 [egg-sequelize](3ms) Executed (default): SELECT
      r.content, r.id, u.email, c.server_chan_sckey AS sckey
      FROM reminders AS r, users AS u, user_configures as c
      WHERE r.type = 1 AND u.email != "" AND r.uid = u.uid AND c.uid = r.uid AND r.created_at <= '2024-12-04 08:14:02'
2024-12-04 08:15:02,114 INFO 73692 [egg-sequelize](9ms) Executed (default): SELECT
      r.content, r.id, u.email, c.server_chan_sckey AS sckey
      FROM reminders AS r, users AS u, user_configures as c
      WHERE r.type = 1 AND u.email != "" AND r.uid = u.uid AND c.uid = r.uid AND r.created_at <= '2024-12-04 08:15:02'
2024-12-04 08:16:02,105 INFO 73692 [egg-sequelize](4ms) Executed (default): SELECT
      r.content, r.id, u.email, c.server_chan_sckey AS sckey
      FROM reminders AS r, users AS u, user_configures as c
      WHERE r.type = 1 AND u.email != "" AND r.uid = u.uid AND c.uid = r.uid AND r.created_at <= '2024-12-04 08:16:02'
2024-12-04 08:17:02,414 INFO 73692 [egg-sequelize](2ms) Executed (default): SELECT
      r.content, r.id, u.email, c.server_chan_sckey AS sckey
      FROM reminders AS r, users AS u, user_configures as c
      WHERE r.type = 1 AND u.email != "" AND r.uid = u.uid AND c.uid = r.uid AND r.created_at <= '2024-12-04 08:17:02'
2024-12-04 08:18:02,420 INFO 73692 [egg-sequelize](2ms) Executed (default): SELECT
      r.content, r.id, u.email, c.server_chan_sckey AS sckey
      FROM reminders AS r, users AS u, user_configures as c
      WHERE r.type = 1 AND u.email != "" AND r.uid = u.uid AND c.uid = r.uid AND r.created_at <= '2024-12-04 08:18:02'
2024-12-04 08:19:02,426 INFO 73692 [egg-sequelize](2ms) Executed (default): SELECT
      r.content, r.id, u.email, c.server_chan_sckey AS sckey
      FROM reminders AS r, users AS u, user_configures as c
      WHERE r.type = 1 AND u.email != "" AND r.uid = u.uid AND c.uid = r.uid AND r.created_at <= '2024-12-04 08:19:02'
2024-12-04 08:20:02,427 INFO 73692 [egg-sequelize](3ms) Executed (default): SELECT
      r.content, r.id, u.email, c.server_chan_sckey AS sckey
      FROM reminders AS r, users AS u, user_configures as c
      WHERE r.type = 1 AND u.email != "" AND r.uid = u.uid AND c.uid = r.uid AND r.created_at <= '2024-12-04 08:20:02'
2024-12-04 08:21:02,449 INFO 73692 [egg-sequelize](3ms) Executed (default): SELECT
      r.content, r.id, u.email, c.server_chan_sckey AS sckey
      FROM reminders AS r, users AS u, user_configures as c
      WHERE r.type = 1 AND u.email != "" AND r.uid = u.uid AND c.uid = r.uid AND r.created_at <= '2024-12-04 08:21:02'
2024-12-04 08:22:02,436 INFO 73692 [egg-sequelize](2ms) Executed (default): SELECT
      r.content, r.id, u.email, c.server_chan_sckey AS sckey
      FROM reminders AS r, users AS u, user_configures as c
      WHERE r.type = 1 AND u.email != "" AND r.uid = u.uid AND c.uid = r.uid AND r.created_at <= '2024-12-04 08:22:02'
2024-12-04 08:23:02,442 INFO 73692 [egg-sequelize](4ms) Executed (default): SELECT
      r.content, r.id, u.email, c.server_chan_sckey AS sckey
      FROM reminders AS r, users AS u, user_configures as c
      WHERE r.type = 1 AND u.email != "" AND r.uid = u.uid AND c.uid = r.uid AND r.created_at <= '2024-12-04 08:23:02'
2024-12-04 08:24:02,442 INFO 73692 [egg-sequelize](4ms) Executed (default): SELECT
      r.content, r.id, u.email, c.server_chan_sckey AS sckey
      FROM reminders AS r, users AS u, user_configures as c
      WHERE r.type = 1 AND u.email != "" AND r.uid = u.uid AND c.uid = r.uid AND r.created_at <= '2024-12-04 08:24:02'
2024-12-04 08:25:02,447 INFO 73692 [egg-sequelize](2ms) Executed (default): SELECT
      r.content, r.id, u.email, c.server_chan_sckey AS sckey
      FROM reminders AS r, users AS u, user_configures as c
      WHERE r.type = 1 AND u.email != "" AND r.uid = u.uid AND c.uid = r.uid AND r.created_at <= '2024-12-04 08:25:02'
2024-12-04 08:26:02,450 INFO 73692 [egg-sequelize](2ms) Executed (default): SELECT
      r.content, r.id, u.email, c.server_chan_sckey AS sckey
      FROM reminders AS r, users AS u, user_configures as c
      WHERE r.type = 1 AND u.email != "" AND r.uid = u.uid AND c.uid = r.uid AND r.created_at <= '2024-12-04 08:26:02'
2024-12-04 08:26:34,891 INFO 73692 [egg-sequelize](5ms) Executed (default): SELECT `id`, `uid`, `provider`, `login_name` AS `loginName`, `username`, `password`, `token`, `avatar_url` AS `avatarUrl`, `location`, `bio`, `email`, `ip_addr` AS `ipAddr`, `role`, `created_at` AS `createdAt`, `updated_at` AS `updatedAt` FROM `users` AS `user` WHERE `user`.`token` = '1122' LIMIT 1;
2024-12-04 08:26:34,973 INFO 73692 [egg-sequelize](68ms) Executed (default): SELECT `uniqueid`, `calldate`, `src`, `dst`, `disposition`, `accountcode` FROM `cdr` AS `cdr` WHERE (DATE(`calldate`) <= '2024-12-31' AND DATE(`calldate`) >= '2021-01-01') AND `cdr`.`dst` LIKE '%%' AND `cdr`.`disposition` LIKE '%%' AND `cdr`.`accountcode` IN ('2', '2.01', '2.02') ORDER BY `cdr`.`calldate` DESC LIMIT 0, 50;
2024-12-04 08:26:44,947 INFO 73692 [egg-sequelize](10043ms) Executed (default): SELECT count(*) AS `count` FROM `cdr` AS `cdr` WHERE (DATE(`calldate`) <= '2024-12-31' AND DATE(`calldate`) >= '2021-01-01') AND `cdr`.`dst` LIKE '%%' AND `cdr`.`disposition` LIKE '%%' AND `cdr`.`accountcode` IN ('2', '2.01', '2.02');
2024-12-04 08:26:44,964 INFO 73692 [egg-sequelize](8ms) Executed (default): SELECT sum(`price`) AS `price`, `billType`.`type` AS `type` FROM `bills` AS `bill` INNER JOIN `bill_types` AS `billType` ON `bill`.`type_id` = `billType`.`id` AND `billType`.`uid` = 112233 WHERE (DATE(`bill`.`created_at`) <= '2024-12-31' AND DATE(`bill`.`created_at`) >= '2021-01-01') AND `bill`.`remark` LIKE '%undefined%' AND `bill`.`uid` = 112233 GROUP BY `billType`.`type`;
2024-12-04 08:27:02,458 INFO 73692 [egg-sequelize](4ms) Executed (default): SELECT
      r.content, r.id, u.email, c.server_chan_sckey AS sckey
      FROM reminders AS r, users AS u, user_configures as c
      WHERE r.type = 1 AND u.email != "" AND r.uid = u.uid AND c.uid = r.uid AND r.created_at <= '2024-12-04 08:27:02'
2024-12-04 08:28:02,459 INFO 73692 [egg-sequelize](4ms) Executed (default): SELECT
      r.content, r.id, u.email, c.server_chan_sckey AS sckey
      FROM reminders AS r, users AS u, user_configures as c
      WHERE r.type = 1 AND u.email != "" AND r.uid = u.uid AND c.uid = r.uid AND r.created_at <= '2024-12-04 08:28:02'
2024-12-04 08:28:42,671 INFO 73692 [egg-sequelize](1ms) Executed (default): SELECT `id`, `uid`, `provider`, `login_name` AS `loginName`, `username`, `password`, `token`, `avatar_url` AS `avatarUrl`, `location`, `bio`, `email`, `ip_addr` AS `ipAddr`, `role`, `created_at` AS `createdAt`, `updated_at` AS `updatedAt` FROM `users` AS `user` WHERE `user`.`token` = '1122' LIMIT 1;
2024-12-04 08:28:42,692 INFO 73692 [egg-sequelize](12ms) Executed (default): SELECT count(*) AS `count` FROM `todo_lists` AS `todo_list` WHERE (DATE(`created_at`) <= '2024-12-31' AND DATE(`created_at`) >= '2024-01-01') AND `todo_list`.`uid` = 112233;
2024-12-04 08:28:42,699 INFO 73692 [egg-sequelize](11ms) Executed (default): SELECT `id`, `uid`, `content`, `status`, `created_at` AS `createdAt`, `updated_at` AS `updatedAt` FROM `todo_lists` AS `todo_list` WHERE (DATE(`created_at`) <= '2024-12-31' AND DATE(`created_at`) >= '2024-01-01') AND `todo_list`.`uid` = 112233 ORDER BY `createdAt` DESC LIMIT 0, 50;
2024-12-04 08:28:44,685 INFO 73692 [egg-sequelize](1ms) Executed (default): SELECT `id`, `uid`, `provider`, `login_name` AS `loginName`, `username`, `password`, `token`, `avatar_url` AS `avatarUrl`, `location`, `bio`, `email`, `ip_addr` AS `ipAddr`, `role`, `created_at` AS `createdAt`, `updated_at` AS `updatedAt` FROM `users` AS `user` WHERE `user`.`token` = '1122' LIMIT 1;
2024-12-04 08:28:44,690 INFO 73692 [egg-sequelize](1ms) Executed (default): SELECT count(*) AS `count` FROM `reminders` AS `reminder` WHERE (DATE(`created_at`) <= '2024-12-31' AND DATE(`created_at`) >= '2024-01-01') AND `reminder`.`uid` = 112233;
2024-12-04 08:28:44,691 INFO 73692 [egg-sequelize](2ms) Executed (default): SELECT `id`, `uid`, `content`, `date`, `type`, `created_at` AS `createdAt`, `updated_at` AS `updatedAt` FROM `reminders` AS `reminder` WHERE (DATE(`created_at`) <= '2024-12-31' AND DATE(`created_at`) >= '2024-01-01') AND `reminder`.`uid` = 112233 ORDER BY `createdAt` DESC LIMIT 0, 50;
2024-12-04 08:28:48,165 INFO 73692 [egg-sequelize](5ms) Executed (default): SELECT `id`, `uid`, `provider`, `login_name` AS `loginName`, `username`, `password`, `token`, `avatar_url` AS `avatarUrl`, `location`, `bio`, `email`, `ip_addr` AS `ipAddr`, `role`, `created_at` AS `createdAt`, `updated_at` AS `updatedAt` FROM `users` AS `user` WHERE `user`.`token` = '1122' LIMIT 1;
2024-12-04 08:28:48,197 INFO 73692 [egg-sequelize](36ms) Executed (default): SELECT `id`, `uid`, `provider`, `login_name` AS `loginName`, `username`, `password`, `token`, `avatar_url` AS `avatarUrl`, `location`, `bio`, `email`, `ip_addr` AS `ipAddr`, `role`, `created_at` AS `createdAt`, `updated_at` AS `updatedAt` FROM `users` AS `user` WHERE `user`.`token` = '1122' LIMIT 1;
2024-12-04 08:28:48,211 INFO 73692 [egg-sequelize](13ms) Executed (default): SELECT count(*) AS `count` FROM `todo_lists` AS `todo_list` WHERE `todo_list`.`status` = 1 AND `todo_list`.`uid` = 112233;
2024-12-04 08:28:48,222 INFO 73692 [egg-sequelize](10ms) Executed (default): SELECT count(*) AS `count` FROM `reminders` AS `reminder` WHERE `reminder`.`uid` = 112233 AND `reminder`.`type` = 1;
2024-12-04 08:28:48,224 INFO 73692 [egg-sequelize](34ms) Executed (default): SELECT 
      SUM(a.price) AS price,
      b.type,
      DATE(a.created_at) AS date
      from bills AS a,
      bill_types AS b
      WHERE a.type_id = b.id AND a.uid = 112233 AND DATE(a.created_at) >= '2024-12-04' AND DATE(a.created_at) <= '2024-12-04' 
      GROUP BY b.type,
      DATE(a.created_at)
      ORDER BY DATE(a.created_at);
2024-12-04 08:28:48,240 INFO 73692 [egg-sequelize](4ms) Executed (default): SELECT `id`, `uid`, `content`, `status`, `created_at` AS `createdAt`, `updated_at` AS `updatedAt` FROM `todo_lists` AS `todo_list` WHERE `todo_list`.`status` = 1 AND `todo_list`.`uid` = 112233 ORDER BY `createdAt` DESC;
2024-12-04 08:28:48,245 INFO 73692 [egg-sequelize](23ms) Executed (default): SELECT `id`, `uid`, `content`, `date`, `type`, `count`, `created_at` AS `createdAt`, `updated_at` AS `updatedAt` FROM `tasks` AS `task` WHERE `task`.`uid` = 112233 AND `task`.`type` IN (1, 2) ORDER BY `createdAt` DESC;
2024-12-04 08:28:48,246 INFO 73692 [egg-sequelize](3ms) Executed (default): SELECT `id`, `uid`, `content`, `date`, `type`, `created_at` AS `createdAt`, `updated_at` AS `updatedAt` FROM `reminders` AS `reminder` WHERE `reminder`.`uid` = 112233 AND `reminder`.`type` = 1 ORDER BY `createdAt` DESC;
2024-12-04 08:28:48,253 INFO 73692 [egg-sequelize](6ms) Executed (default): SELECT `id`, `uid`, `content`, `type`, `has_read` AS `hasRead`, `created_at` AS `createdAt`, `updated_at` AS `updatedAt` FROM `inner_messages` AS `inner_message` WHERE `inner_message`.`uid` = 112233 ORDER BY `createdAt` DESC LIMIT 0, 5;
2024-12-04 08:28:48,255 INFO 73692 [egg-sequelize](9ms) Executed (default): SELECT count(*) AS `count` FROM `inner_messages` AS `inner_message` WHERE `inner_message`.`uid` = 112233;
2024-12-04 08:28:48,261 INFO 73692 [egg-sequelize](7ms) Executed (default): SELECT `id`, `uid`, `provider`, `login_name` AS `loginName`, `username`, `password`, `token`, `avatar_url` AS `avatarUrl`, `location`, `bio`, `email`, `ip_addr` AS `ipAddr`, `role`, `created_at` AS `createdAt`, `updated_at` AS `updatedAt` FROM `users` AS `user` WHERE `user`.`token` = '1122' LIMIT 1;
2024-12-04 08:28:48,273 INFO 73692 [egg-sequelize](16ms) Executed (default): SELECT `id`, `uid`, `provider`, `login_name` AS `loginName`, `username`, `password`, `token`, `avatar_url` AS `avatarUrl`, `location`, `bio`, `email`, `ip_addr` AS `ipAddr`, `role`, `created_at` AS `createdAt`, `updated_at` AS `updatedAt` FROM `users` AS `user` WHERE `user`.`token` = '1122' LIMIT 1;
2024-12-04 08:28:48,283 INFO 73692 [egg-sequelize](14ms) Executed (default): SELECT 
      SUM(a.price) AS price,
      b.type,
      DATE(a.created_at) AS date
      from bills AS a,
      bill_types AS b
      WHERE a.type_id = b.id AND a.uid = 112233 AND DATE(a.created_at) >= '2024-11-27' AND DATE(a.created_at) <= '2024-12-04' 
      GROUP BY b.type,
      DATE(a.created_at)
      ORDER BY DATE(a.created_at);
2024-12-04 08:28:48,294 INFO 73692 [egg-sequelize](15ms) Executed (default): SELECT 
      SUM(f.price) as amount, t.type, t.name
      FROM bills AS f
      INNER JOIN bill_types as t
      ON f.uid = 112233 AND t.id = f.type_id
      AND DATE(f.created_at) >= '2024-11-24' AND DATE(f.created_at) <= '2024-12-01'
      GROUP BY t.type, t.name;
2024-12-04 08:29:02,468 INFO 73692 [egg-sequelize](3ms) Executed (default): SELECT
      r.content, r.id, u.email, c.server_chan_sckey AS sckey
      FROM reminders AS r, users AS u, user_configures as c
      WHERE r.type = 1 AND u.email != "" AND r.uid = u.uid AND c.uid = r.uid AND r.created_at <= '2024-12-04 08:29:02'
2024-12-04 08:29:04,556 INFO 73692 [egg-sequelize](4ms) Executed (default): SELECT `id`, `uid`, `provider`, `login_name` AS `loginName`, `username`, `password`, `token`, `avatar_url` AS `avatarUrl`, `location`, `bio`, `email`, `ip_addr` AS `ipAddr`, `role`, `created_at` AS `createdAt`, `updated_at` AS `updatedAt` FROM `users` AS `user` WHERE `user`.`token` = '1122' LIMIT 1;
2024-12-04 08:29:04,566 INFO 73692 [egg-sequelize](6ms) Executed (default): SELECT `id`, `uid`, `provider`, `login_name` AS `loginName`, `username`, `password`, `token`, `avatar_url` AS `avatarUrl`, `location`, `bio`, `email`, `ip_addr` AS `ipAddr`, `role`, `created_at` AS `createdAt`, `updated_at` AS `updatedAt` FROM `users` AS `user` WHERE `user`.`token` = '1122' LIMIT 1;
2024-12-04 08:29:04,574 INFO 73692 [egg-sequelize](8ms) Executed (default): SELECT 
      SUM(a.price) AS price,
      b.type,
      DATE(a.created_at) AS date
      from bills AS a,
      bill_types AS b
      WHERE a.type_id = b.id AND a.uid = 112233 AND DATE(a.created_at) >= '2024-12-01' AND DATE(a.created_at) <= '2024-12-01' 
      GROUP BY b.type,
      DATE(a.created_at)
      ORDER BY DATE(a.created_at);
2024-12-04 08:29:04,581 INFO 73692 [egg-sequelize](7ms) Executed (default): SELECT 
      SUM(f.price) as amount, t.type, t.name
      FROM bills AS f
      INNER JOIN bill_types as t
      ON f.uid = 112233 AND t.id = f.type_id
      AND DATE(f.created_at) >= '2024-12-01' AND DATE(f.created_at) <= '2024-12-01'
      GROUP BY t.type, t.name;
2024-12-04 08:29:23,019 INFO 73692 [egg-sequelize](3ms) Executed (default): SELECT `id`, `uid`, `provider`, `login_name` AS `loginName`, `username`, `password`, `token`, `avatar_url` AS `avatarUrl`, `location`, `bio`, `email`, `ip_addr` AS `ipAddr`, `role`, `created_at` AS `createdAt`, `updated_at` AS `updatedAt` FROM `users` AS `user` WHERE `user`.`token` = '1122' LIMIT 1;
2024-12-04 08:29:23,021 INFO 73692 [egg-sequelize](4ms) Executed (default): SELECT `id`, `uid`, `provider`, `login_name` AS `loginName`, `username`, `password`, `token`, `avatar_url` AS `avatarUrl`, `location`, `bio`, `email`, `ip_addr` AS `ipAddr`, `role`, `created_at` AS `createdAt`, `updated_at` AS `updatedAt` FROM `users` AS `user` WHERE `user`.`token` = '1122' LIMIT 1;
2024-12-04 08:29:23,023 INFO 73692 [egg-sequelize](3ms) Executed (default): SELECT 
      SUM(a.price) AS price,
      b.type,
      DATE(a.created_at) AS date
      from bills AS a,
      bill_types AS b
      WHERE a.type_id = b.id AND a.uid = 112233 AND DATE(a.created_at) >= '2024-11-01' AND DATE(a.created_at) <= '2024-11-01' 
      GROUP BY b.type,
      DATE(a.created_at)
      ORDER BY DATE(a.created_at);
2024-12-04 08:29:23,035 INFO 73692 [egg-sequelize](13ms) Executed (default): SELECT 
      SUM(f.price) as amount, t.type, t.name
      FROM bills AS f
      INNER JOIN bill_types as t
      ON f.uid = 112233 AND t.id = f.type_id
      AND DATE(f.created_at) >= '2024-11-01' AND DATE(f.created_at) <= '2024-11-01'
      GROUP BY t.type, t.name;
2024-12-04 08:29:29,334 INFO 73692 [egg-sequelize](13ms) Executed (default): SELECT `id`, `uid`, `provider`, `login_name` AS `loginName`, `username`, `password`, `token`, `avatar_url` AS `avatarUrl`, `location`, `bio`, `email`, `ip_addr` AS `ipAddr`, `role`, `created_at` AS `createdAt`, `updated_at` AS `updatedAt` FROM `users` AS `user` WHERE `user`.`token` = '1122' LIMIT 1;
2024-12-04 08:29:29,337 INFO 73692 [egg-sequelize](4ms) Executed (default): SELECT `id`, `uid`, `provider`, `login_name` AS `loginName`, `username`, `password`, `token`, `avatar_url` AS `avatarUrl`, `location`, `bio`, `email`, `ip_addr` AS `ipAddr`, `role`, `created_at` AS `createdAt`, `updated_at` AS `updatedAt` FROM `users` AS `user` WHERE `user`.`token` = '1122' LIMIT 1;
2024-12-04 08:29:29,341 INFO 73692 [egg-sequelize](3ms) Executed (default): SELECT 
      SUM(f.price) as amount, t.type, t.name
      FROM bills AS f
      INNER JOIN bill_types as t
      ON f.uid = 112233 AND t.id = f.type_id
      AND DATE(f.created_at) >= '2024-11-01' AND DATE(f.created_at) <= '2024-12-31'
      GROUP BY t.type, t.name;
2024-12-04 08:29:29,349 INFO 73692 [egg-sequelize](14ms) Executed (default): SELECT 
      SUM(a.price) AS price,
      b.type,
      DATE(a.created_at) AS date
      from bills AS a,
      bill_types AS b
      WHERE a.type_id = b.id AND a.uid = 112233 AND DATE(a.created_at) >= '2024-11-01' AND DATE(a.created_at) <= '2024-12-31' 
      GROUP BY b.type,
      DATE(a.created_at)
      ORDER BY DATE(a.created_at);
2024-12-04 08:30:02,465 INFO 73692 [egg-sequelize](4ms) Executed (default): SELECT
      r.content, r.id, u.email, c.server_chan_sckey AS sckey
      FROM reminders AS r, users AS u, user_configures as c
      WHERE r.type = 1 AND u.email != "" AND r.uid = u.uid AND c.uid = r.uid AND r.created_at <= '2024-12-04 08:30:02'
2024-12-04 08:31:02,465 INFO 73692 [egg-sequelize](2ms) Executed (default): SELECT
      r.content, r.id, u.email, c.server_chan_sckey AS sckey
      FROM reminders AS r, users AS u, user_configures as c
      WHERE r.type = 1 AND u.email != "" AND r.uid = u.uid AND c.uid = r.uid AND r.created_at <= '2024-12-04 08:31:02'
2024-12-04 08:31:25,725 INFO 73692 [egg-sequelize](8ms) Executed (default): SELECT `id`, `uid`, `provider`, `login_name` AS `loginName`, `username`, `password`, `token`, `avatar_url` AS `avatarUrl`, `location`, `bio`, `email`, `ip_addr` AS `ipAddr`, `role`, `created_at` AS `createdAt`, `updated_at` AS `updatedAt` FROM `users` AS `user` WHERE `user`.`token` = '1122' LIMIT 1;
2024-12-04 08:31:25,732 INFO 73692 [egg-sequelize](5ms) Executed (default): SELECT count(*) AS `count` FROM `todo_lists` AS `todo_list` WHERE (DATE(`created_at`) <= '2024-12-31' AND DATE(`created_at`) >= '2024-01-01') AND `todo_list`.`uid` = 112233;
2024-12-04 08:31:25,734 INFO 73692 [egg-sequelize](2ms) Executed (default): SELECT `id`, `uid`, `content`, `status`, `created_at` AS `createdAt`, `updated_at` AS `updatedAt` FROM `todo_lists` AS `todo_list` WHERE (DATE(`created_at`) <= '2024-12-31' AND DATE(`created_at`) >= '2024-01-01') AND `todo_list`.`uid` = 112233 ORDER BY `createdAt` DESC LIMIT 0, 50;
2024-12-04 08:31:38,252 INFO 73692 [egg-sequelize](2ms) Executed (default): SELECT `id`, `uid`, `provider`, `login_name` AS `loginName`, `username`, `password`, `token`, `avatar_url` AS `avatarUrl`, `location`, `bio`, `email`, `ip_addr` AS `ipAddr`, `role`, `created_at` AS `createdAt`, `updated_at` AS `updatedAt` FROM `users` AS `user` WHERE `user`.`token` = '1122' LIMIT 1;
2024-12-04 08:31:38,258 INFO 73692 [egg-sequelize](1ms) Executed (default): SELECT count(*) AS `count` FROM `reminders` AS `reminder` WHERE (DATE(`created_at`) <= '2024-12-31' AND DATE(`created_at`) >= '2024-01-01') AND `reminder`.`uid` = 112233;
2024-12-04 08:31:38,260 INFO 73692 [egg-sequelize](2ms) Executed (default): SELECT `id`, `uid`, `content`, `date`, `type`, `created_at` AS `createdAt`, `updated_at` AS `updatedAt` FROM `reminders` AS `reminder` WHERE (DATE(`created_at`) <= '2024-12-31' AND DATE(`created_at`) >= '2024-01-01') AND `reminder`.`uid` = 112233 ORDER BY `createdAt` DESC LIMIT 0, 50;
2024-12-04 08:32:02,470 INFO 73692 [egg-sequelize](4ms) Executed (default): SELECT
      r.content, r.id, u.email, c.server_chan_sckey AS sckey
      FROM reminders AS r, users AS u, user_configures as c
      WHERE r.type = 1 AND u.email != "" AND r.uid = u.uid AND c.uid = r.uid AND r.created_at <= '2024-12-04 08:32:02'
2024-12-04 08:33:01,703 INFO 73692 [egg-sequelize](7ms) Executed (default): SELECT `id`, `uid`, `provider`, `login_name` AS `loginName`, `username`, `password`, `token`, `avatar_url` AS `avatarUrl`, `location`, `bio`, `email`, `ip_addr` AS `ipAddr`, `role`, `created_at` AS `createdAt`, `updated_at` AS `updatedAt` FROM `users` AS `user` WHERE `user`.`token` = '1122' LIMIT 1;
2024-12-04 08:33:01,708 INFO 73692 [egg-sequelize](12ms) Executed (default): SELECT `id`, `uid`, `provider`, `login_name` AS `loginName`, `username`, `password`, `token`, `avatar_url` AS `avatarUrl`, `location`, `bio`, `email`, `ip_addr` AS `ipAddr`, `role`, `created_at` AS `createdAt`, `updated_at` AS `updatedAt` FROM `users` AS `user` WHERE `user`.`token` = '1122' LIMIT 1;
2024-12-04 08:33:01,710 INFO 73692 [egg-sequelize](13ms) Executed (default): SELECT `id`, `uid`, `provider`, `login_name` AS `loginName`, `username`, `password`, `token`, `avatar_url` AS `avatarUrl`, `location`, `bio`, `email`, `ip_addr` AS `ipAddr`, `role`, `created_at` AS `createdAt`, `updated_at` AS `updatedAt` FROM `users` AS `user` WHERE `user`.`token` = '1122' LIMIT 1;
2024-12-04 08:33:01,711 INFO 73692 [egg-sequelize](14ms) Executed (default): SELECT `id`, `uid`, `provider`, `login_name` AS `loginName`, `username`, `password`, `token`, `avatar_url` AS `avatarUrl`, `location`, `bio`, `email`, `ip_addr` AS `ipAddr`, `role`, `created_at` AS `createdAt`, `updated_at` AS `updatedAt` FROM `users` AS `user` WHERE `user`.`token` = '1122' LIMIT 1;
2024-12-04 08:33:01,715 INFO 73692 [egg-sequelize](3ms) Executed (default): SELECT `id`, `uid`, `content`, `date`, `type`, `count`, `created_at` AS `createdAt`, `updated_at` AS `updatedAt` FROM `tasks` AS `task` WHERE `task`.`uid` = 112233 AND `task`.`type` IN (1, 2) ORDER BY `createdAt` DESC;
2024-12-04 08:33:01,718 INFO 73692 [egg-sequelize](8ms) Executed (default): SELECT count(*) AS `count` FROM `reminders` AS `reminder` WHERE `reminder`.`uid` = 112233 AND `reminder`.`type` = 1;
2024-12-04 08:33:01,721 INFO 73692 [egg-sequelize](13ms) Executed (default): SELECT count(*) AS `count` FROM `todo_lists` AS `todo_list` WHERE `todo_list`.`status` = 1 AND `todo_list`.`uid` = 112233;
2024-12-04 08:33:01,721 INFO 73692 [egg-sequelize](13ms) Executed (default): SELECT 
      SUM(a.price) AS price,
      b.type,
      DATE(a.created_at) AS date
      from bills AS a,
      bill_types AS b
      WHERE a.type_id = b.id AND a.uid = 112233 AND DATE(a.created_at) >= '2024-12-04' AND DATE(a.created_at) <= '2024-12-04' 
      GROUP BY b.type,
      DATE(a.created_at)
      ORDER BY DATE(a.created_at);
2024-12-04 08:33:01,723 INFO 73692 [egg-sequelize](7ms) Executed (default): SELECT `id`, `uid`, `content`, `status`, `created_at` AS `createdAt`, `updated_at` AS `updatedAt` FROM `todo_lists` AS `todo_list` WHERE `todo_list`.`status` = 1 AND `todo_list`.`uid` = 112233 ORDER BY `createdAt` DESC;
2024-12-04 08:33:01,723 INFO 73692 [egg-sequelize](5ms) Executed (default): SELECT `id`, `uid`, `content`, `date`, `type`, `created_at` AS `createdAt`, `updated_at` AS `updatedAt` FROM `reminders` AS `reminder` WHERE `reminder`.`uid` = 112233 AND `reminder`.`type` = 1 ORDER BY `createdAt` DESC;
2024-12-04 08:33:01,727 INFO 73692 [egg-sequelize](4ms) Executed (default): SELECT 
      SUM(a.price) AS price,
      b.type,
      DATE(a.created_at) AS date
      from bills AS a,
      bill_types AS b
      WHERE a.type_id = b.id AND a.uid = 112233 AND DATE(a.created_at) >= '2024-11-27' AND DATE(a.created_at) <= '2024-12-04' 
      GROUP BY b.type,
      DATE(a.created_at)
      ORDER BY DATE(a.created_at);
2024-12-04 08:33:01,728 INFO 73692 [egg-sequelize](4ms) Executed (default): SELECT 
      SUM(f.price) as amount, t.type, t.name
      FROM bills AS f
      INNER JOIN bill_types as t
      ON f.uid = 112233 AND t.id = f.type_id
      AND DATE(f.created_at) >= '2024-11-24' AND DATE(f.created_at) <= '2024-12-01'
      GROUP BY t.type, t.name;
2024-12-04 08:33:01,741 INFO 73692 [egg-sequelize](19ms) Executed (default): SELECT `id`, `uid`, `content`, `type`, `has_read` AS `hasRead`, `created_at` AS `createdAt`, `updated_at` AS `updatedAt` FROM `inner_messages` AS `inner_message` WHERE `inner_message`.`uid` = 112233 ORDER BY `createdAt` DESC LIMIT 0, 5;
2024-12-04 08:33:01,744 INFO 73692 [egg-sequelize](23ms) Executed (default): SELECT count(*) AS `count` FROM `inner_messages` AS `inner_message` WHERE `inner_message`.`uid` = 112233;
2024-12-04 08:33:02,466 INFO 73692 [egg-sequelize](3ms) Executed (default): SELECT
      r.content, r.id, u.email, c.server_chan_sckey AS sckey
      FROM reminders AS r, users AS u, user_configures as c
      WHERE r.type = 1 AND u.email != "" AND r.uid = u.uid AND c.uid = r.uid AND r.created_at <= '2024-12-04 08:33:02'
2024-12-04 08:33:25,794 INFO 73692 [egg-sequelize](4ms) Executed (default): SELECT `id`, `uid`, `provider`, `login_name` AS `loginName`, `username`, `password`, `token`, `avatar_url` AS `avatarUrl`, `location`, `bio`, `email`, `ip_addr` AS `ipAddr`, `role`, `created_at` AS `createdAt`, `updated_at` AS `updatedAt` FROM `users` AS `user` WHERE `user`.`token` = '1122' LIMIT 1;
2024-12-04 08:33:25,796 INFO 73692 [egg-sequelize](2ms) Executed (default): SELECT `id`, `uid`, `provider`, `login_name` AS `loginName`, `username`, `password`, `token`, `avatar_url` AS `avatarUrl`, `location`, `bio`, `email`, `ip_addr` AS `ipAddr`, `role`, `created_at` AS `createdAt`, `updated_at` AS `updatedAt` FROM `users` AS `user` WHERE `user`.`token` = '1122' LIMIT 1;
2024-12-04 08:33:25,798 INFO 73692 [egg-sequelize](3ms) Executed (default): SELECT 
      SUM(a.price) AS price,
      b.type,
      DATE(a.created_at) AS date
      from bills AS a,
      bill_types AS b
      WHERE a.type_id = b.id AND a.uid = 112233 AND DATE(a.created_at) >= '2024-11-01' AND DATE(a.created_at) <= '2024-12-01' 
      GROUP BY b.type,
      DATE(a.created_at)
      ORDER BY DATE(a.created_at);
2024-12-04 08:33:25,808 INFO 73692 [egg-sequelize](11ms) Executed (default): SELECT 
      SUM(f.price) as amount, t.type, t.name
      FROM bills AS f
      INNER JOIN bill_types as t
      ON f.uid = 112233 AND t.id = f.type_id
      AND DATE(f.created_at) >= '2024-11-01' AND DATE(f.created_at) <= '2024-12-01'
      GROUP BY t.type, t.name;
2024-12-04 08:34:02,475 INFO 73692 [egg-sequelize](2ms) Executed (default): SELECT
      r.content, r.id, u.email, c.server_chan_sckey AS sckey
      FROM reminders AS r, users AS u, user_configures as c
      WHERE r.type = 1 AND u.email != "" AND r.uid = u.uid AND c.uid = r.uid AND r.created_at <= '2024-12-04 08:34:02'
2024-12-04 08:35:02,474 INFO 73692 [egg-sequelize](2ms) Executed (default): SELECT
      r.content, r.id, u.email, c.server_chan_sckey AS sckey
      FROM reminders AS r, users AS u, user_configures as c
      WHERE r.type = 1 AND u.email != "" AND r.uid = u.uid AND c.uid = r.uid AND r.created_at <= '2024-12-04 08:35:02'
2024-12-04 08:36:02,483 INFO 73692 [egg-sequelize](2ms) Executed (default): SELECT
      r.content, r.id, u.email, c.server_chan_sckey AS sckey
      FROM reminders AS r, users AS u, user_configures as c
      WHERE r.type = 1 AND u.email != "" AND r.uid = u.uid AND c.uid = r.uid AND r.created_at <= '2024-12-04 08:36:02'
2024-12-04 08:37:02,532 INFO 73692 [egg-sequelize](14ms) Executed (default): SELECT
      r.content, r.id, u.email, c.server_chan_sckey AS sckey
      FROM reminders AS r, users AS u, user_configures as c
      WHERE r.type = 1 AND u.email != "" AND r.uid = u.uid AND c.uid = r.uid AND r.created_at <= '2024-12-04 08:37:02'
2024-12-04 08:38:02,512 INFO 73692 [egg-sequelize](4ms) Executed (default): SELECT
      r.content, r.id, u.email, c.server_chan_sckey AS sckey
      FROM reminders AS r, users AS u, user_configures as c
      WHERE r.type = 1 AND u.email != "" AND r.uid = u.uid AND c.uid = r.uid AND r.created_at <= '2024-12-04 08:38:02'
2024-12-04 08:39:02,498 INFO 73692 [egg-sequelize](6ms) Executed (default): SELECT
      r.content, r.id, u.email, c.server_chan_sckey AS sckey
      FROM reminders AS r, users AS u, user_configures as c
      WHERE r.type = 1 AND u.email != "" AND r.uid = u.uid AND c.uid = r.uid AND r.created_at <= '2024-12-04 08:39:02'
2024-12-04 08:40:02,492 INFO 73692 [egg-sequelize](1ms) Executed (default): SELECT
      r.content, r.id, u.email, c.server_chan_sckey AS sckey
      FROM reminders AS r, users AS u, user_configures as c
      WHERE r.type = 1 AND u.email != "" AND r.uid = u.uid AND c.uid = r.uid AND r.created_at <= '2024-12-04 08:40:02'
2024-12-04 08:41:02,498 INFO 73692 [egg-sequelize](2ms) Executed (default): SELECT
      r.content, r.id, u.email, c.server_chan_sckey AS sckey
      FROM reminders AS r, users AS u, user_configures as c
      WHERE r.type = 1 AND u.email != "" AND r.uid = u.uid AND c.uid = r.uid AND r.created_at <= '2024-12-04 08:41:02'
2024-12-04 08:42:02,504 INFO 73692 [egg-sequelize](1ms) Executed (default): SELECT
      r.content, r.id, u.email, c.server_chan_sckey AS sckey
      FROM reminders AS r, users AS u, user_configures as c
      WHERE r.type = 1 AND u.email != "" AND r.uid = u.uid AND c.uid = r.uid AND r.created_at <= '2024-12-04 08:42:02'
2024-12-04 08:43:02,506 INFO 73692 [egg-sequelize](3ms) Executed (default): SELECT
      r.content, r.id, u.email, c.server_chan_sckey AS sckey
      FROM reminders AS r, users AS u, user_configures as c
      WHERE r.type = 1 AND u.email != "" AND r.uid = u.uid AND c.uid = r.uid AND r.created_at <= '2024-12-04 08:43:02'
2024-12-04 08:44:02,510 INFO 73692 [egg-sequelize](1ms) Executed (default): SELECT
      r.content, r.id, u.email, c.server_chan_sckey AS sckey
      FROM reminders AS r, users AS u, user_configures as c
      WHERE r.type = 1 AND u.email != "" AND r.uid = u.uid AND c.uid = r.uid AND r.created_at <= '2024-12-04 08:44:02'
2024-12-04 08:45:02,516 INFO 73692 [egg-sequelize](4ms) Executed (default): SELECT
      r.content, r.id, u.email, c.server_chan_sckey AS sckey
      FROM reminders AS r, users AS u, user_configures as c
      WHERE r.type = 1 AND u.email != "" AND r.uid = u.uid AND c.uid = r.uid AND r.created_at <= '2024-12-04 08:45:02'
2024-12-04 08:46:02,520 INFO 73692 [egg-sequelize](7ms) Executed (default): SELECT
      r.content, r.id, u.email, c.server_chan_sckey AS sckey
      FROM reminders AS r, users AS u, user_configures as c
      WHERE r.type = 1 AND u.email != "" AND r.uid = u.uid AND c.uid = r.uid AND r.created_at <= '2024-12-04 08:46:02'
2024-12-04 08:47:02,551 INFO 73692 [egg-sequelize](3ms) Executed (default): SELECT
      r.content, r.id, u.email, c.server_chan_sckey AS sckey
      FROM reminders AS r, users AS u, user_configures as c
      WHERE r.type = 1 AND u.email != "" AND r.uid = u.uid AND c.uid = r.uid AND r.created_at <= '2024-12-04 08:47:02'
2024-12-04 08:48:02,528 INFO 73692 [egg-sequelize](5ms) Executed (default): SELECT
      r.content, r.id, u.email, c.server_chan_sckey AS sckey
      FROM reminders AS r, users AS u, user_configures as c
      WHERE r.type = 1 AND u.email != "" AND r.uid = u.uid AND c.uid = r.uid AND r.created_at <= '2024-12-04 08:48:02'
2024-12-04 08:49:02,530 INFO 73692 [egg-sequelize](2ms) Executed (default): SELECT
      r.content, r.id, u.email, c.server_chan_sckey AS sckey
      FROM reminders AS r, users AS u, user_configures as c
      WHERE r.type = 1 AND u.email != "" AND r.uid = u.uid AND c.uid = r.uid AND r.created_at <= '2024-12-04 08:49:02'
2024-12-04 08:50:02,541 INFO 73692 [egg-sequelize](4ms) Executed (default): SELECT
      r.content, r.id, u.email, c.server_chan_sckey AS sckey
      FROM reminders AS r, users AS u, user_configures as c
      WHERE r.type = 1 AND u.email != "" AND r.uid = u.uid AND c.uid = r.uid AND r.created_at <= '2024-12-04 08:50:02'
2024-12-04 08:51:02,606 INFO 73692 [egg-sequelize](7ms) Executed (default): SELECT
      r.content, r.id, u.email, c.server_chan_sckey AS sckey
      FROM reminders AS r, users AS u, user_configures as c
      WHERE r.type = 1 AND u.email != "" AND r.uid = u.uid AND c.uid = r.uid AND r.created_at <= '2024-12-04 08:51:02'
2024-12-04 08:52:02,595 INFO 73692 [egg-sequelize](2ms) Executed (default): SELECT
      r.content, r.id, u.email, c.server_chan_sckey AS sckey
      FROM reminders AS r, users AS u, user_configures as c
      WHERE r.type = 1 AND u.email != "" AND r.uid = u.uid AND c.uid = r.uid AND r.created_at <= '2024-12-04 08:52:02'
